Jul-05 16:25:56.095 [main] DEBUG nextflow.cli.Launcher - $> nextflow run main.nf --input ./test_data --resultsDir ./test_results --threads 8 --ram '32 GB' -profile test
Jul-05 16:25:56.150 [main] DEBUG nextflow.cli.CmdRun - N E X T F L O W  ~  version 25.04.4
Jul-05 16:25:56.166 [main] DEBUG nextflow.plugin.PluginsFacade - Setting up plugin manager > mode=prod; embedded=false; plugins-dir=/home/phemarajata/.nextflow/plugins; core-plugins: nf-amazon@2.15.0,nf-azure@1.16.0,nf-cloudcache@0.4.3,nf-codecommit@0.2.3,nf-console@1.2.1,nf-google@1.21.0,nf-k8s@1.0.0,nf-tower@1.11.3,nf-wave@1.12.1
Jul-05 16:25:56.179 [main] INFO  o.pf4j.DefaultPluginStatusProvider - Enabled plugins: []
Jul-05 16:25:56.180 [main] INFO  o.pf4j.DefaultPluginStatusProvider - Disabled plugins: []
Jul-05 16:25:56.182 [main] INFO  org.pf4j.DefaultPluginManager - PF4J version 3.12.0 in 'deployment' mode
Jul-05 16:25:56.194 [main] INFO  org.pf4j.AbstractPluginManager - No plugins
Jul-05 16:25:56.208 [main] DEBUG nextflow.config.ConfigBuilder - Found config local: /home/phemarajata/combined_poppunk_poppipe/nextflow.config
Jul-05 16:25:56.210 [main] DEBUG nextflow.config.ConfigBuilder - Parsing config file: /home/phemarajata/combined_poppunk_poppipe/nextflow.config
Jul-05 16:25:56.233 [main] DEBUG n.secret.LocalSecretsProvider - Secrets store: /home/phemarajata/.nextflow/secrets/store.json
Jul-05 16:25:56.236 [main] DEBUG nextflow.secret.SecretsLoader - Discovered secrets providers: [nextflow.secret.LocalSecretsProvider@389562d6] - activable => nextflow.secret.LocalSecretsProvider@389562d6
Jul-05 16:25:56.244 [main] DEBUG nextflow.config.ConfigBuilder - Applying config profile: `test`
Jul-05 16:25:56.885 [main] DEBUG nextflow.config.ConfigBuilder - Available config profiles: [standard, slurm, pbs, test, conda, singularity, aws, local, docker]
Jul-05 16:25:56.907 [main] DEBUG nextflow.cli.CmdRun - Applied DSL=2 from script declaration
Jul-05 16:25:56.917 [main] DEBUG nextflow.cli.CmdRun - Launching `main.nf` [tiny_lamarr] DSL2 - revision: 978c755289
Jul-05 16:25:56.918 [main] DEBUG nextflow.plugin.PluginsFacade - Plugins default=[]
Jul-05 16:25:56.918 [main] DEBUG nextflow.plugin.PluginsFacade - Plugins resolved requirement=[]
Jul-05 16:25:56.952 [main] DEBUG nextflow.Session - Session UUID: a3884c5f-9e17-4616-856b-14a11dccd54f
Jul-05 16:25:56.952 [main] DEBUG nextflow.Session - Run name: tiny_lamarr
Jul-05 16:25:56.953 [main] DEBUG nextflow.Session - Executor pool size: 22
Jul-05 16:25:56.958 [main] DEBUG nextflow.file.FilePorter - File porter settings maxRetries=3; maxTransfers=50; pollTimeout=null
Jul-05 16:25:56.962 [main] DEBUG nextflow.util.ThreadPoolBuilder - Creating thread pool 'FileTransfer' minSize=10; maxSize=66; workQueue=LinkedBlockingQueue[-1]; allowCoreThreadTimeout=false
Jul-05 16:25:56.977 [main] DEBUG nextflow.cli.CmdRun - 
  Version: 25.04.4 build 5950
  Created: 16-06-2025 14:23 UTC (21:23 ICST)
  System: Linux 6.11.0-29-generic
  Runtime: Groovy 4.0.26 on Java HotSpot(TM) 64-Bit Server VM 17.0.12+8-LTS-286
  Encoding: UTF-8 (UTF-8)
  Process: 2578627@phemarajata-Stealth-16-MercedesAMG-A1VGG [127.0.1.1]
  CPUs: 22 - Mem: 62.3 GB (8.9 GB) - Swap: 8 GB (7.1 GB)
Jul-05 16:25:56.994 [main] DEBUG nextflow.Session - Work-dir: /home/phemarajata/combined_poppunk_poppipe/work [ext2/ext3]
Jul-05 16:25:57.017 [main] DEBUG nextflow.executor.ExecutorFactory - Extension executors providers=[]
Jul-05 16:25:57.025 [main] DEBUG nextflow.Session - Observer factory: DefaultObserverFactory
Jul-05 16:25:57.048 [main] DEBUG nextflow.Session - Observer factory (v2): LinObserverFactory
Jul-05 16:25:57.070 [main] DEBUG nextflow.cache.CacheFactory - Using Nextflow cache factory: nextflow.cache.DefaultCacheFactory
Jul-05 16:25:57.077 [main] DEBUG nextflow.util.CustomThreadPool - Creating default thread pool > poolSize: 23; maxThreads: 1000
Jul-05 16:25:57.116 [main] DEBUG nextflow.Session - Session start
Jul-05 16:25:57.119 [main] DEBUG nextflow.trace.TraceFileObserver - Workflow started -- trace file: /home/phemarajata/combined_poppunk_poppipe/test_results/reports/trace.txt
Jul-05 16:25:57.120 [main] DEBUG nextflow.Session - Trace file already exists: /home/phemarajata/combined_poppunk_poppipe/test_results/reports/trace.txt -- enable the 'trace.overwrite' option in your config file to overwrite existing files
nextflow.exception.AbortOperationException: Trace file already exists: /home/phemarajata/combined_poppunk_poppipe/test_results/reports/trace.txt -- enable the 'trace.overwrite' option in your config file to overwrite existing files
	at nextflow.trace.TraceHelper.newFileWriter(TraceHelper.groovy:67)
	at nextflow.trace.TraceFileObserver.onFlowCreate(TraceFileObserver.groovy:206)
	at nextflow.Session$_notifyFlowCreate_lambda40.doCall(Session.groovy:1093)
	at nextflow.Session.notifyEvent(Session.groovy:1138)
	at nextflow.Session.notifyFlowCreate(Session.groovy:1093)
	at nextflow.Session.start(Session.groovy:585)
	at nextflow.script.ScriptRunner.execute(ScriptRunner.groovy:133)
	at nextflow.cli.CmdRun.run(CmdRun.groovy:379)
	at nextflow.cli.Launcher.run(Launcher.groovy:513)
	at nextflow.cli.Launcher.main(Launcher.groovy:673)
Caused by: java.nio.file.FileAlreadyExistsException: /home/phemarajata/combined_poppunk_poppipe/test_results/reports/trace.txt
	at java.base/sun.nio.fs.UnixException.translateToIOException(UnixException.java:94)
	at java.base/sun.nio.fs.UnixException.rethrowAsIOException(UnixException.java:106)
	at java.base/sun.nio.fs.UnixException.rethrowAsIOException(UnixException.java:111)
	at java.base/sun.nio.fs.UnixFileSystemProvider.newByteChannel(UnixFileSystemProvider.java:218)
	at java.base/java.nio.file.spi.FileSystemProvider.newOutputStream(FileSystemProvider.java:484)
	at java.base/java.nio.file.Files.newOutputStream(Files.java:228)
	at java.base/java.nio.file.Files.newBufferedWriter(Files.java:3008)
	at nextflow.trace.TraceHelper.newFileWriter(TraceHelper.groovy:64)
	... 9 common frames omitted
Jul-05 16:25:57.122 [main] DEBUG nextflow.Session - Report file already exists: /home/phemarajata/combined_poppunk_poppipe/test_results/reports/execution_report.html -- enable the 'report.overwrite' option in your config file to overwrite existing files
nextflow.exception.AbortOperationException: Report file already exists: /home/phemarajata/combined_poppunk_poppipe/test_results/reports/execution_report.html -- enable the 'report.overwrite' option in your config file to overwrite existing files
	at nextflow.trace.ReportObserver.onFlowCreate(ReportObserver.groovy:133)
	at nextflow.Session$_notifyFlowCreate_lambda40.doCall(Session.groovy:1093)
	at nextflow.Session.notifyEvent(Session.groovy:1138)
	at nextflow.Session.notifyFlowCreate(Session.groovy:1093)
	at nextflow.Session.start(Session.groovy:585)
	at nextflow.script.ScriptRunner.execute(ScriptRunner.groovy:133)
	at nextflow.cli.CmdRun.run(CmdRun.groovy:379)
	at nextflow.cli.Launcher.run(Launcher.groovy:513)
	at nextflow.cli.Launcher.main(Launcher.groovy:673)
Jul-05 16:25:57.122 [main] DEBUG nextflow.Session - Timeline file already exists: /home/phemarajata/combined_poppunk_poppipe/test_results/reports/timeline.html -- enable the 'timeline.overwrite' option in your config file to overwrite existing files
nextflow.exception.AbortOperationException: Timeline file already exists: /home/phemarajata/combined_poppunk_poppipe/test_results/reports/timeline.html -- enable the 'timeline.overwrite' option in your config file to overwrite existing files
	at nextflow.trace.TimelineObserver.onFlowCreate(TimelineObserver.groovy:76)
	at nextflow.Session$_notifyFlowCreate_lambda40.doCall(Session.groovy:1093)
	at nextflow.Session.notifyEvent(Session.groovy:1138)
	at nextflow.Session.notifyFlowCreate(Session.groovy:1093)
	at nextflow.Session.start(Session.groovy:585)
	at nextflow.script.ScriptRunner.execute(ScriptRunner.groovy:133)
	at nextflow.cli.CmdRun.run(CmdRun.groovy:379)
	at nextflow.cli.Launcher.run(Launcher.groovy:513)
	at nextflow.cli.Launcher.main(Launcher.groovy:673)
Jul-05 16:25:57.123 [main] DEBUG nextflow.Session - DAG file already exists: /home/phemarajata/combined_poppunk_poppipe/test_results/reports/pipeline_dag.html -- enable `dag.overwrite` in your config file to overwrite existing DAG files
nextflow.exception.AbortOperationException: DAG file already exists: /home/phemarajata/combined_poppunk_poppipe/test_results/reports/pipeline_dag.html -- enable `dag.overwrite` in your config file to overwrite existing DAG files
	at org.codehaus.groovy.vmplugin.v8.IndyInterface.fromCache(IndyInterface.java:321)
	at nextflow.trace.GraphObserver.onFlowCreate(GraphObserver.groovy:77)
	at nextflow.Session$_notifyFlowCreate_lambda40.doCall(Session.groovy:1093)
	at nextflow.Session.notifyEvent(Session.groovy:1138)
	at nextflow.Session.notifyFlowCreate(Session.groovy:1093)
	at nextflow.Session.start(Session.groovy:585)
	at nextflow.script.ScriptRunner.execute(ScriptRunner.groovy:133)
	at nextflow.cli.CmdRun.run(CmdRun.groovy:379)
	at nextflow.cli.Launcher.run(Launcher.groovy:513)
	at nextflow.cli.Launcher.main(Launcher.groovy:673)
Jul-05 16:25:57.327 [main] DEBUG nextflow.script.ScriptRunner - > Launching execution
Jul-05 16:25:57.335 [main] INFO  nextflow.script.BaseScript - â–¶ FASTA input directory:  ./test_data
Jul-05 16:25:57.336 [main] INFO  nextflow.script.BaseScript - â–¶ Results directory:      ./test_results
Jul-05 16:25:57.337 [main] INFO  nextflow.script.BaseScript - â–¶ Threads / RAM:          8  /  32 GB
Jul-05 16:25:57.856 [main] DEBUG nextflow.script.ProcessConfig - Config settings `withName:VALIDATE_FASTA` matches process VALIDATE_FASTA
Jul-05 16:25:57.857 [main] DEBUG nextflow.script.ProcessConfig - Config settings `withName:VALIDATE_FASTA|SUMMARY_REPORT|SPLIT_STRAINS|CLUSTER_SUMMARY` matches process VALIDATE_FASTA
Jul-05 16:25:57.862 [main] DEBUG nextflow.executor.ExecutorFactory - << taskConfig executor: local
Jul-05 16:25:57.862 [main] DEBUG nextflow.executor.ExecutorFactory - >> processorType: 'local'
Jul-05 16:25:57.867 [main] DEBUG nextflow.executor.Executor - [warm up] executor > local
Jul-05 16:25:57.873 [main] DEBUG n.processor.LocalPollingMonitor - Creating local task monitor for executor 'local' > cpus=22; memory=62.3 GB; capacity=22; pollInterval=100ms; dumpInterval=5m
Jul-05 16:25:57.874 [main] DEBUG n.processor.TaskPollingMonitor - >>> barrier register (monitor: local)
Jul-05 16:25:57.887 [main] DEBUG nextflow.processor.TaskProcessor - Creating process 'VALIDATE_FASTA': maxForks=0; fair=false; array=0
Jul-05 16:25:57.924 [main] DEBUG nextflow.script.ProcessConfig - Config settings `withName:MASH_SKETCH` matches process MASH_SKETCH
Jul-05 16:25:57.925 [main] DEBUG nextflow.script.ProcessConfig - Config settings `withName:MASH_SKETCH|MASH_DIST` matches process MASH_SKETCH
Jul-05 16:25:57.926 [main] DEBUG nextflow.executor.ExecutorFactory - << taskConfig executor: local
Jul-05 16:25:57.926 [main] DEBUG nextflow.executor.ExecutorFactory - >> processorType: 'local'
Jul-05 16:25:57.927 [main] DEBUG nextflow.processor.TaskProcessor - Creating process 'MASH_SKETCH': maxForks=0; fair=false; array=0
Jul-05 16:25:57.929 [main] DEBUG nextflow.script.ProcessConfig - Config settings `withName:MASH_DIST` matches process MASH_DIST
Jul-05 16:25:57.930 [main] DEBUG nextflow.script.ProcessConfig - Config settings `withName:MASH_SKETCH|MASH_DIST` matches process MASH_DIST
Jul-05 16:25:57.930 [main] DEBUG nextflow.executor.ExecutorFactory - << taskConfig executor: local
Jul-05 16:25:57.930 [main] DEBUG nextflow.executor.ExecutorFactory - >> processorType: 'local'
Jul-05 16:25:57.931 [main] DEBUG nextflow.processor.TaskProcessor - Creating process 'MASH_DIST': maxForks=0; fair=false; array=0
Jul-05 16:25:57.934 [main] DEBUG nextflow.script.ProcessConfig - Config settings `withName:BIN_SUBSAMPLE` matches process BIN_SUBSAMPLE
Jul-05 16:25:57.936 [main] DEBUG nextflow.executor.ExecutorFactory - << taskConfig executor: local
Jul-05 16:25:57.936 [main] DEBUG nextflow.executor.ExecutorFactory - >> processorType: 'local'
Jul-05 16:25:57.937 [main] DEBUG nextflow.processor.TaskProcessor - Creating process 'BIN_SUBSAMPLE': maxForks=0; fair=false; array=0
Jul-05 16:25:57.943 [main] DEBUG nextflow.script.ProcessConfig - Config settings `withName:POPPUNK_MODEL` matches process POPPUNK_MODEL
Jul-05 16:25:57.943 [main] DEBUG nextflow.script.ProcessConfig - Config settings `withName:POPPUNK_MODEL|POPPUNK_ASSIGN` matches process POPPUNK_MODEL
Jul-05 16:25:57.945 [main] DEBUG nextflow.executor.ExecutorFactory - << taskConfig executor: local
Jul-05 16:25:57.945 [main] DEBUG nextflow.executor.ExecutorFactory - >> processorType: 'local'
Jul-05 16:25:57.946 [main] DEBUG nextflow.processor.TaskProcessor - Creating process 'POPPUNK_MODEL': maxForks=0; fair=false; array=0
Jul-05 16:25:57.951 [main] DEBUG nextflow.script.ProcessConfig - Config settings `withName:POPPUNK_ASSIGN` matches process POPPUNK_ASSIGN
Jul-05 16:25:57.952 [main] DEBUG nextflow.script.ProcessConfig - Config settings `withName:POPPUNK_MODEL|POPPUNK_ASSIGN` matches process POPPUNK_ASSIGN
Jul-05 16:25:57.953 [main] DEBUG nextflow.executor.ExecutorFactory - << taskConfig executor: local
Jul-05 16:25:57.953 [main] DEBUG nextflow.executor.ExecutorFactory - >> processorType: 'local'
Jul-05 16:25:57.954 [main] DEBUG nextflow.processor.TaskProcessor - Creating process 'POPPUNK_ASSIGN': maxForks=0; fair=false; array=0
Jul-05 16:25:57.959 [main] DEBUG nextflow.script.ProcessConfig - Config settings `withName:SUMMARY_REPORT` matches process SUMMARY_REPORT
Jul-05 16:25:57.959 [main] DEBUG nextflow.script.ProcessConfig - Config settings `withName:VALIDATE_FASTA|SUMMARY_REPORT|SPLIT_STRAINS|CLUSTER_SUMMARY` matches process SUMMARY_REPORT
Jul-05 16:25:57.960 [main] DEBUG nextflow.executor.ExecutorFactory - << taskConfig executor: local
Jul-05 16:25:57.961 [main] DEBUG nextflow.executor.ExecutorFactory - >> processorType: 'local'
Jul-05 16:25:57.961 [main] DEBUG nextflow.processor.TaskProcessor - Creating process 'SUMMARY_REPORT': maxForks=0; fair=false; array=0
Jul-05 16:25:57.985 [main] DEBUG nextflow.script.ProcessConfig - Config settings `withName:SPLIT_STRAINS` matches process SPLIT_STRAINS
Jul-05 16:25:57.986 [main] DEBUG nextflow.script.ProcessConfig - Config settings `withName:VALIDATE_FASTA|SUMMARY_REPORT|SPLIT_STRAINS|CLUSTER_SUMMARY` matches process SPLIT_STRAINS
Jul-05 16:25:57.987 [main] DEBUG nextflow.executor.ExecutorFactory - << taskConfig executor: local
Jul-05 16:25:57.987 [main] DEBUG nextflow.executor.ExecutorFactory - >> processorType: 'local'
Jul-05 16:25:57.988 [main] DEBUG nextflow.processor.TaskProcessor - Creating process 'SPLIT_STRAINS': maxForks=0; fair=false; array=0
Jul-05 16:25:58.005 [main] DEBUG nextflow.script.ProcessConfig - Config settings `withName:SKETCHLIB_DISTS` matches process SKETCHLIB_DISTS
Jul-05 16:25:58.005 [main] DEBUG nextflow.script.ProcessConfig - Config settings `withName:SKETCHLIB_DISTS|GENERATE_NJ|SKA_BUILD|SKA_ALIGN|SKA_MAP|IQ_TREE|GUBBINS|FASTBAPS` matches process SKETCHLIB_DISTS
Jul-05 16:25:58.010 [main] DEBUG nextflow.executor.ExecutorFactory - << taskConfig executor: local
Jul-05 16:25:58.010 [main] DEBUG nextflow.executor.ExecutorFactory - >> processorType: 'local'
Jul-05 16:25:58.011 [main] DEBUG nextflow.processor.TaskProcessor - Creating process 'SKETCHLIB_DISTS': maxForks=0; fair=false; array=0
Jul-05 16:25:58.018 [main] DEBUG nextflow.script.ProcessConfig - Config settings `withName:GENERATE_NJ` matches process GENERATE_NJ
Jul-05 16:25:58.018 [main] DEBUG nextflow.script.ProcessConfig - Config settings `withName:SKETCHLIB_DISTS|GENERATE_NJ|SKA_BUILD|SKA_ALIGN|SKA_MAP|IQ_TREE|GUBBINS|FASTBAPS` matches process GENERATE_NJ
Jul-05 16:25:58.019 [main] DEBUG nextflow.executor.ExecutorFactory - << taskConfig executor: local
Jul-05 16:25:58.020 [main] DEBUG nextflow.executor.ExecutorFactory - >> processorType: 'local'
Jul-05 16:25:58.020 [main] DEBUG nextflow.processor.TaskProcessor - Creating process 'GENERATE_NJ': maxForks=0; fair=false; array=0
Jul-05 16:25:58.025 [main] DEBUG nextflow.script.ProcessConfig - Config settings `withName:SKA_BUILD` matches process SKA_BUILD
Jul-05 16:25:58.026 [main] DEBUG nextflow.script.ProcessConfig - Config settings `withName:SKETCHLIB_DISTS|GENERATE_NJ|SKA_BUILD|SKA_ALIGN|SKA_MAP|IQ_TREE|GUBBINS|FASTBAPS` matches process SKA_BUILD
Jul-05 16:25:58.026 [main] DEBUG nextflow.executor.ExecutorFactory - << taskConfig executor: local
Jul-05 16:25:58.027 [main] DEBUG nextflow.executor.ExecutorFactory - >> processorType: 'local'
Jul-05 16:25:58.027 [main] DEBUG nextflow.processor.TaskProcessor - Creating process 'SKA_BUILD': maxForks=0; fair=false; array=0
Jul-05 16:25:58.032 [main] DEBUG nextflow.script.ProcessConfig - Config settings `withName:SKA_ALIGN` matches process SKA_ALIGN
Jul-05 16:25:58.033 [main] DEBUG nextflow.script.ProcessConfig - Config settings `withName:SKETCHLIB_DISTS|GENERATE_NJ|SKA_BUILD|SKA_ALIGN|SKA_MAP|IQ_TREE|GUBBINS|FASTBAPS` matches process SKA_ALIGN
Jul-05 16:25:58.034 [main] DEBUG nextflow.executor.ExecutorFactory - << taskConfig executor: local
Jul-05 16:25:58.034 [main] DEBUG nextflow.executor.ExecutorFactory - >> processorType: 'local'
Jul-05 16:25:58.035 [main] DEBUG nextflow.processor.TaskProcessor - Creating process 'SKA_ALIGN': maxForks=0; fair=false; array=0
Jul-05 16:25:58.040 [main] DEBUG nextflow.script.ProcessConfig - Config settings `withName:SKA_MAP` matches process SKA_MAP
Jul-05 16:25:58.040 [main] DEBUG nextflow.script.ProcessConfig - Config settings `withName:SKETCHLIB_DISTS|GENERATE_NJ|SKA_BUILD|SKA_ALIGN|SKA_MAP|IQ_TREE|GUBBINS|FASTBAPS` matches process SKA_MAP
Jul-05 16:25:58.041 [main] DEBUG nextflow.executor.ExecutorFactory - << taskConfig executor: local
Jul-05 16:25:58.041 [main] DEBUG nextflow.executor.ExecutorFactory - >> processorType: 'local'
Jul-05 16:25:58.042 [main] DEBUG nextflow.processor.TaskProcessor - Creating process 'SKA_MAP': maxForks=0; fair=false; array=0
Jul-05 16:25:58.047 [main] DEBUG nextflow.script.ProcessConfig - Config settings `withName:IQ_TREE` matches process IQ_TREE
Jul-05 16:25:58.048 [main] DEBUG nextflow.script.ProcessConfig - Config settings `withName:SKETCHLIB_DISTS|GENERATE_NJ|SKA_BUILD|SKA_ALIGN|SKA_MAP|IQ_TREE|GUBBINS|FASTBAPS` matches process IQ_TREE
Jul-05 16:25:58.049 [main] DEBUG nextflow.executor.ExecutorFactory - << taskConfig executor: local
Jul-05 16:25:58.049 [main] DEBUG nextflow.executor.ExecutorFactory - >> processorType: 'local'
Jul-05 16:25:58.049 [main] DEBUG nextflow.processor.TaskProcessor - Creating process 'IQ_TREE': maxForks=0; fair=false; array=0
Jul-05 16:25:58.055 [main] DEBUG nextflow.script.ProcessConfig - Config settings `withName:GUBBINS` matches process GUBBINS
Jul-05 16:25:58.056 [main] DEBUG nextflow.script.ProcessConfig - Config settings `withName:SKETCHLIB_DISTS|GENERATE_NJ|SKA_BUILD|SKA_ALIGN|SKA_MAP|IQ_TREE|GUBBINS|FASTBAPS` matches process GUBBINS
Jul-05 16:25:58.057 [main] DEBUG nextflow.executor.ExecutorFactory - << taskConfig executor: local
Jul-05 16:25:58.057 [main] DEBUG nextflow.executor.ExecutorFactory - >> processorType: 'local'
Jul-05 16:25:58.058 [main] DEBUG nextflow.processor.TaskProcessor - Creating process 'GUBBINS': maxForks=0; fair=false; array=0
Jul-05 16:25:58.062 [main] DEBUG nextflow.script.ProcessConfig - Config settings `withName:FASTBAPS` matches process FASTBAPS
Jul-05 16:25:58.063 [main] DEBUG nextflow.script.ProcessConfig - Config settings `withName:SKETCHLIB_DISTS|GENERATE_NJ|SKA_BUILD|SKA_ALIGN|SKA_MAP|IQ_TREE|GUBBINS|FASTBAPS` matches process FASTBAPS
Jul-05 16:25:58.064 [main] DEBUG nextflow.executor.ExecutorFactory - << taskConfig executor: local
Jul-05 16:25:58.064 [main] DEBUG nextflow.executor.ExecutorFactory - >> processorType: 'local'
Jul-05 16:25:58.065 [main] DEBUG nextflow.processor.TaskProcessor - Creating process 'FASTBAPS': maxForks=0; fair=false; array=0
Jul-05 16:25:58.072 [main] DEBUG nextflow.script.ProcessConfig - Config settings `withName:CLUSTER_SUMMARY` matches process CLUSTER_SUMMARY
Jul-05 16:25:58.072 [main] DEBUG nextflow.script.ProcessConfig - Config settings `withName:VALIDATE_FASTA|SUMMARY_REPORT|SPLIT_STRAINS|CLUSTER_SUMMARY` matches process CLUSTER_SUMMARY
Jul-05 16:25:58.073 [main] DEBUG nextflow.executor.ExecutorFactory - << taskConfig executor: local
Jul-05 16:25:58.074 [main] DEBUG nextflow.executor.ExecutorFactory - >> processorType: 'local'
Jul-05 16:25:58.074 [main] DEBUG nextflow.processor.TaskProcessor - Creating process 'CLUSTER_SUMMARY': maxForks=0; fair=false; array=0
Jul-05 16:25:58.079 [main] DEBUG nextflow.Session - Workflow process names [dsl2]: CLUSTER_SUMMARY, MASH_DIST, MASH_SKETCH, SUMMARY_REPORT, SKA_MAP, GUBBINS, POPPUNK_MODEL, GENERATE_NJ, SPLIT_STRAINS, IQ_TREE, FASTBAPS, POPPUNK_ASSIGN, BIN_SUBSAMPLE, SKA_BUILD, SKETCHLIB_DISTS, VALIDATE_FASTA, SKA_ALIGN
Jul-05 16:25:58.083 [main] DEBUG nextflow.Session - Igniting dataflow network (18)
Jul-05 16:25:58.087 [main] DEBUG nextflow.processor.TaskProcessor - Starting process > VALIDATE_FASTA
Jul-05 16:25:58.088 [main] DEBUG nextflow.processor.TaskProcessor - Starting process > MASH_SKETCH
Jul-05 16:25:58.088 [main] DEBUG nextflow.processor.TaskProcessor - Starting process > MASH_DIST
Jul-05 16:25:58.088 [main] DEBUG nextflow.processor.TaskProcessor - Starting process > BIN_SUBSAMPLE
Jul-05 16:25:58.089 [main] DEBUG nextflow.processor.TaskProcessor - Starting process > POPPUNK_MODEL
Jul-05 16:25:58.089 [main] DEBUG nextflow.processor.TaskProcessor - Starting process > POPPUNK_ASSIGN
Jul-05 16:25:58.089 [main] DEBUG nextflow.processor.TaskProcessor - Starting process > SUMMARY_REPORT
Jul-05 16:25:58.089 [main] DEBUG nextflow.processor.TaskProcessor - Starting process > SPLIT_STRAINS
Jul-05 16:25:58.089 [main] DEBUG nextflow.processor.TaskProcessor - Starting process > SKETCHLIB_DISTS
Jul-05 16:25:58.089 [main] DEBUG nextflow.processor.TaskProcessor - Starting process > GENERATE_NJ
Jul-05 16:25:58.089 [main] DEBUG nextflow.processor.TaskProcessor - Starting process > SKA_BUILD
Jul-05 16:25:58.089 [main] DEBUG nextflow.processor.TaskProcessor - Starting process > SKA_ALIGN
Jul-05 16:25:58.089 [main] DEBUG nextflow.processor.TaskProcessor - Starting process > SKA_MAP
Jul-05 16:25:58.089 [main] DEBUG nextflow.processor.TaskProcessor - Starting process > IQ_TREE
Jul-05 16:25:58.090 [main] DEBUG nextflow.processor.TaskProcessor - Starting process > GUBBINS
Jul-05 16:25:58.090 [PathVisitor-1] DEBUG nextflow.file.PathVisitor - files for syntax: glob; folder: ./test_data/; pattern: *.fasta; options: [checkIfExists:true]
Jul-05 16:25:58.090 [main] DEBUG nextflow.processor.TaskProcessor - Starting process > FASTBAPS
Jul-05 16:25:58.090 [main] DEBUG nextflow.processor.TaskProcessor - Starting process > CLUSTER_SUMMARY
Jul-05 16:25:58.091 [main] DEBUG nextflow.script.ScriptRunner - Parsed script files:
  Script_677dd16b95346779: /home/phemarajata/combined_poppunk_poppipe/modules/local/sketchlib_dists.nf
  Script_7417cabf5d46dadf: /home/phemarajata/combined_poppunk_poppipe/modules/local/mash_dist.nf
  Script_5611570655ad6fc9: /home/phemarajata/combined_poppunk_poppipe/modules/local/bin_subsample.nf
  Script_7477e1083e159689: /home/phemarajata/combined_poppunk_poppipe/modules/local/fastbaps.nf
  Script_891e0541a8f2d6fb: /home/phemarajata/combined_poppunk_poppipe/modules/local/iq_tree.nf
  Script_a1ab2c7ded95b477: /home/phemarajata/combined_poppunk_poppipe/modules/local/ska_align.nf
  Script_af0f02598d046699: /home/phemarajata/combined_poppunk_poppipe/modules/local/gubbins.nf
  Script_e67f2187490eca95: /home/phemarajata/combined_poppunk_poppipe/modules/local/poppunk_model.nf
  Script_09945ad10bc74bcc: /home/phemarajata/combined_poppunk_poppipe/modules/local/generate_nj.nf
  Script_00de19485908237f: /home/phemarajata/combined_poppunk_poppipe/modules/local/split_strains.nf
  Script_e47589c9cace8ded: /home/phemarajata/combined_poppunk_poppipe/main.nf
  Script_300c7946cb49b7c2: /home/phemarajata/combined_poppunk_poppipe/modules/local/validate_fasta.nf
  Script_738804b76b5e015c: /home/phemarajata/combined_poppunk_poppipe/modules/local/poppunk_assign.nf
  Script_12bfbeedcd9a399d: /home/phemarajata/combined_poppunk_poppipe/modules/local/ska_map.nf
  Script_fb7ab28769143d20: /home/phemarajata/combined_poppunk_poppipe/modules/local/cluster_summary.nf
  Script_0479f6cbd4bfc016: /home/phemarajata/combined_poppunk_poppipe/modules/local/ska_build.nf
  Script_2a94688d5202e40d: /home/phemarajata/combined_poppunk_poppipe/modules/local/mash_sketch.nf
  Script_5d8500f795f4619c: /home/phemarajata/combined_poppunk_poppipe/modules/local/summary_report.nf
Jul-05 16:25:58.091 [main] DEBUG nextflow.script.ScriptRunner - > Awaiting termination 
Jul-05 16:25:58.091 [main] DEBUG nextflow.Session - Session await
Jul-05 16:25:58.204 [Task submitter] DEBUG n.executor.local.LocalTaskHandler - Launch cmd line: /bin/bash -ue .command.run
Jul-05 16:25:58.205 [Task submitter] INFO  nextflow.Session - [c4/91553c] Submitted process > VALIDATE_FASTA (validate_fasta)
Jul-05 16:25:58.538 [Task monitor] DEBUG n.processor.TaskPollingMonitor - Task completed > TaskHandler[id: 1; name: VALIDATE_FASTA (validate_fasta); status: COMPLETED; exit: 0; error: -; workDir: /home/phemarajata/combined_poppunk_poppipe/work/c4/91553c95254a3990ec35ef6962fdd7]
Jul-05 16:25:58.539 [Task monitor] DEBUG nextflow.util.ThreadPoolBuilder - Creating thread pool 'TaskFinalizer' minSize=10; maxSize=66; workQueue=LinkedBlockingQueue[-1]; allowCoreThreadTimeout=false
Jul-05 16:25:58.548 [Actor Thread 18] INFO  nextflow.script.BaseScript - 
==================================================
Jul-05 16:25:58.557 [Actor Thread 18] INFO  nextflow.script.BaseScript - ðŸ“‹ FASTA VALIDATION REPORT
Jul-05 16:25:58.558 [Actor Thread 18] INFO  nextflow.script.BaseScript - ==================================================
Jul-05 16:25:58.558 [Actor Thread 18] INFO  nextflow.script.BaseScript - FASTA Validation Report
======================
Total files processed: 21
Valid files: 21
Invalid files: 0

Valid files (with absolute paths):
  âœ“ /home/phemarajata/combined_poppunk_poppipe/test_data/genome_cluster2_3.fasta
  âœ“ /home/phemarajata/combined_poppunk_poppipe/test_data/genome_cluster1_4.fasta
  âœ“ /home/phemarajata/combined_poppunk_poppipe/test_data/outlier_3.fasta
  âœ“ /home/phemarajata/combined_poppunk_poppipe/test_data/genome_cluster2_6.fasta
  âœ“ /home/phemarajata/combined_poppunk_poppipe/test_data/genome_cluster1_1.fasta
  âœ“ /home/phemarajata/combined_poppunk_poppipe/test_data/genome_cluster1_7.fasta
  âœ“ /home/phemarajata/combined_poppunk_poppipe/test_data/genome_cluster2_5.fasta
  âœ“ /home/phemarajata/combined_poppunk_poppipe/test_data/genome_cluster3_2.fasta
  âœ“ /home/phemarajata/combined_poppunk_poppipe/test_data/genome_cluster2_2.fasta
  âœ“ /home/phemarajata/combined_poppunk_poppipe/test_data/genome_cluster2_4.fasta
  âœ“ /home/phemarajata/combined_poppunk_poppipe/test_data/genome_cluster1_6.fasta
  âœ“ /home/phemarajata/combined_poppunk_poppipe/test_data/genome_cluster3_4.fasta
  âœ“ /home/phemarajata/combined_poppunk_poppipe/test_data/genome_cluster1_3.fasta
  âœ“ /home/phemarajata/combined_poppunk_poppipe/test_data/genome_cluster2_1.fasta
  âœ“ /home/phemarajata/combined_poppunk_poppipe/test_data/outlier_2.fasta
  âœ“ /home/phemarajata/combined_poppunk_poppipe/test_data/outlier_1.fasta
  âœ“ /home/phemarajata/combined_poppunk_poppipe/test_data/genome_cluster1_5.fasta
  âœ“ /home/phemarajata/combined_poppunk_poppipe/test_data/genome_cluster1_8.fasta
  âœ“ /home/phemarajata/combined_poppunk_poppipe/test_data/genome_cluster3_3.fasta
  âœ“ /home/phemarajata/combined_poppunk_poppipe/test_data/genome_cluster3_1.fasta
  âœ“ /home/phemarajata/combined_poppunk_poppipe/test_data/genome_cluster1_2.fasta


Jul-05 16:25:58.559 [Actor Thread 18] INFO  nextflow.script.BaseScript - ==================================================

Jul-05 16:25:58.560 [TaskFinalizer-1] DEBUG nextflow.util.ThreadPoolBuilder - Creating thread pool 'PublishDir' minSize=10; maxSize=66; workQueue=LinkedBlockingQueue[-1]; allowCoreThreadTimeout=false
Jul-05 16:25:58.568 [TaskFinalizer-1] DEBUG nextflow.Session - Cannot invoke "groovyx.gpars.agent.Agent.send(Object)" because "this.writer" is null
java.lang.NullPointerException: Cannot invoke "groovyx.gpars.agent.Agent.send(Object)" because "this.writer" is null
	at nextflow.trace.TraceFileObserver.onProcessComplete(TraceFileObserver.groovy:270)
	at nextflow.Session$_notifyTaskComplete_lambda34.doCall(Session.groovy:1063)
	at nextflow.Session.notifyEvent(Session.groovy:1138)
	at nextflow.Session.notifyTaskComplete(Session.groovy:1063)
	at nextflow.processor.TaskPollingMonitor.finalizeTask(TaskPollingMonitor.groovy:699)
	at nextflow.processor.TaskPollingMonitor.safeFinalizeTask(TaskPollingMonitor.groovy:686)
	at java.base/jdk.internal.reflect.NativeMethodAccessorImpl.invoke0(Native Method)
	at java.base/jdk.internal.reflect.NativeMethodAccessorImpl.invoke(NativeMethodAccessorImpl.java:77)
	at java.base/jdk.internal.reflect.DelegatingMethodAccessorImpl.invoke(DelegatingMethodAccessorImpl.java:43)
	at java.base/java.lang.reflect.Method.invoke(Method.java:568)
	at org.codehaus.groovy.reflection.CachedMethod.invoke(CachedMethod.java:343)
	at groovy.lang.MetaMethod.doMethodInvoke(MetaMethod.java:328)
	at groovy.lang.MetaClassImpl.doInvokeMethod(MetaClassImpl.java:1333)
	at groovy.lang.MetaClassImpl.invokeMethod(MetaClassImpl.java:1088)
	at groovy.lang.MetaClassImpl.invokeMethod(MetaClassImpl.java:1007)
	at org.codehaus.groovy.runtime.InvokerHelper.invokePogoMethod(InvokerHelper.java:645)
	at org.codehaus.groovy.runtime.InvokerHelper.invokeMethod(InvokerHelper.java:628)
	at org.codehaus.groovy.runtime.InvokerHelper.invokeMethodSafe(InvokerHelper.java:82)
	at nextflow.processor.TaskPollingMonitor$_checkTaskStatus_lambda8.doCall(TaskPollingMonitor.groovy:676)
	at java.base/java.util.concurrent.Executors$RunnableAdapter.call(Executors.java:539)
	at java.base/java.util.concurrent.FutureTask.run(FutureTask.java:264)
	at java.base/java.util.concurrent.ThreadPoolExecutor.runWorker(ThreadPoolExecutor.java:1136)
	at java.base/java.util.concurrent.ThreadPoolExecutor$Worker.run(ThreadPoolExecutor.java:635)
	at java.base/java.lang.Thread.run(Thread.java:842)
Jul-05 16:25:58.593 [Task submitter] DEBUG n.executor.local.LocalTaskHandler - Launch cmd line: /bin/bash -ue .command.run
Jul-05 16:25:58.593 [Task submitter] INFO  nextflow.Session - [18/817e22] Submitted process > MASH_SKETCH (mash_sketch)
Jul-05 16:25:58.938 [Task monitor] DEBUG n.processor.TaskPollingMonitor - Task completed > TaskHandler[id: 2; name: MASH_SKETCH (mash_sketch); status: COMPLETED; exit: 0; error: -; workDir: /home/phemarajata/combined_poppunk_poppipe/work/18/817e22ba1a4141f71df7d989dcb1a8]
Jul-05 16:25:58.941 [TaskFinalizer-2] DEBUG nextflow.Session - Cannot invoke "groovyx.gpars.agent.Agent.send(Object)" because "this.writer" is null
java.lang.NullPointerException: Cannot invoke "groovyx.gpars.agent.Agent.send(Object)" because "this.writer" is null
	at nextflow.trace.TraceFileObserver.onProcessComplete(TraceFileObserver.groovy:270)
	at nextflow.Session$_notifyTaskComplete_lambda34.doCall(Session.groovy:1063)
	at nextflow.Session.notifyEvent(Session.groovy:1138)
	at nextflow.Session.notifyTaskComplete(Session.groovy:1063)
	at nextflow.processor.TaskPollingMonitor.finalizeTask(TaskPollingMonitor.groovy:699)
	at nextflow.processor.TaskPollingMonitor.safeFinalizeTask(TaskPollingMonitor.groovy:686)
	at java.base/jdk.internal.reflect.NativeMethodAccessorImpl.invoke0(Native Method)
	at java.base/jdk.internal.reflect.NativeMethodAccessorImpl.invoke(NativeMethodAccessorImpl.java:77)
	at java.base/jdk.internal.reflect.DelegatingMethodAccessorImpl.invoke(DelegatingMethodAccessorImpl.java:43)
	at java.base/java.lang.reflect.Method.invoke(Method.java:568)
	at org.codehaus.groovy.reflection.CachedMethod.invoke(CachedMethod.java:343)
	at groovy.lang.MetaMethod.doMethodInvoke(MetaMethod.java:328)
	at groovy.lang.MetaClassImpl.doInvokeMethod(MetaClassImpl.java:1333)
	at groovy.lang.MetaClassImpl.invokeMethod(MetaClassImpl.java:1088)
	at groovy.lang.MetaClassImpl.invokeMethod(MetaClassImpl.java:1007)
	at org.codehaus.groovy.runtime.InvokerHelper.invokePogoMethod(InvokerHelper.java:645)
	at org.codehaus.groovy.runtime.InvokerHelper.invokeMethod(InvokerHelper.java:628)
	at org.codehaus.groovy.runtime.InvokerHelper.invokeMethodSafe(InvokerHelper.java:82)
	at nextflow.processor.TaskPollingMonitor$_checkTaskStatus_lambda8.doCall(TaskPollingMonitor.groovy:676)
	at java.base/java.util.concurrent.Executors$RunnableAdapter.call(Executors.java:539)
	at java.base/java.util.concurrent.FutureTask.run(FutureTask.java:264)
	at java.base/java.util.concurrent.ThreadPoolExecutor.runWorker(ThreadPoolExecutor.java:1136)
	at java.base/java.util.concurrent.ThreadPoolExecutor$Worker.run(ThreadPoolExecutor.java:635)
	at java.base/java.lang.Thread.run(Thread.java:842)
Jul-05 16:25:58.949 [Task submitter] DEBUG n.executor.local.LocalTaskHandler - Launch cmd line: /bin/bash -ue .command.run
Jul-05 16:25:58.950 [Task submitter] INFO  nextflow.Session - [04/fbfb3c] Submitted process > MASH_DIST (mash_dist)
Jul-05 16:25:59.225 [Task monitor] DEBUG n.processor.TaskPollingMonitor - Task completed > TaskHandler[id: 3; name: MASH_DIST (mash_dist); status: COMPLETED; exit: 0; error: -; workDir: /home/phemarajata/combined_poppunk_poppipe/work/04/fbfb3cce716de5f5d86ea107baf5c3]
Jul-05 16:25:59.229 [TaskFinalizer-3] DEBUG nextflow.Session - Cannot invoke "groovyx.gpars.agent.Agent.send(Object)" because "this.writer" is null
java.lang.NullPointerException: Cannot invoke "groovyx.gpars.agent.Agent.send(Object)" because "this.writer" is null
	at nextflow.trace.TraceFileObserver.onProcessComplete(TraceFileObserver.groovy:270)
	at nextflow.Session$_notifyTaskComplete_lambda34.doCall(Session.groovy:1063)
	at nextflow.Session.notifyEvent(Session.groovy:1138)
	at nextflow.Session.notifyTaskComplete(Session.groovy:1063)
	at nextflow.processor.TaskPollingMonitor.finalizeTask(TaskPollingMonitor.groovy:699)
	at nextflow.processor.TaskPollingMonitor.safeFinalizeTask(TaskPollingMonitor.groovy:686)
	at java.base/jdk.internal.reflect.NativeMethodAccessorImpl.invoke0(Native Method)
	at java.base/jdk.internal.reflect.NativeMethodAccessorImpl.invoke(NativeMethodAccessorImpl.java:77)
	at java.base/jdk.internal.reflect.DelegatingMethodAccessorImpl.invoke(DelegatingMethodAccessorImpl.java:43)
	at java.base/java.lang.reflect.Method.invoke(Method.java:568)
	at org.codehaus.groovy.reflection.CachedMethod.invoke(CachedMethod.java:343)
	at groovy.lang.MetaMethod.doMethodInvoke(MetaMethod.java:328)
	at groovy.lang.MetaClassImpl.doInvokeMethod(MetaClassImpl.java:1333)
	at groovy.lang.MetaClassImpl.invokeMethod(MetaClassImpl.java:1088)
	at groovy.lang.MetaClassImpl.invokeMethod(MetaClassImpl.java:1007)
	at org.codehaus.groovy.runtime.InvokerHelper.invokePogoMethod(InvokerHelper.java:645)
	at org.codehaus.groovy.runtime.InvokerHelper.invokeMethod(InvokerHelper.java:628)
	at org.codehaus.groovy.runtime.InvokerHelper.invokeMethodSafe(InvokerHelper.java:82)
	at nextflow.processor.TaskPollingMonitor$_checkTaskStatus_lambda8.doCall(TaskPollingMonitor.groovy:676)
	at java.base/java.util.concurrent.Executors$RunnableAdapter.call(Executors.java:539)
	at java.base/java.util.concurrent.FutureTask.run(FutureTask.java:264)
	at java.base/java.util.concurrent.ThreadPoolExecutor.runWorker(ThreadPoolExecutor.java:1136)
	at java.base/java.util.concurrent.ThreadPoolExecutor$Worker.run(ThreadPoolExecutor.java:635)
	at java.base/java.lang.Thread.run(Thread.java:842)
Jul-05 16:25:59.240 [Task submitter] DEBUG n.executor.local.LocalTaskHandler - Launch cmd line: /bin/bash -ue .command.run
Jul-05 16:25:59.240 [Task submitter] INFO  nextflow.Session - [f2/6945ba] Submitted process > BIN_SUBSAMPLE (bin_subsample)
Jul-05 16:26:01.387 [Task monitor] DEBUG n.processor.TaskPollingMonitor - Task completed > TaskHandler[id: 4; name: BIN_SUBSAMPLE (bin_subsample); status: COMPLETED; exit: 0; error: -; workDir: /home/phemarajata/combined_poppunk_poppipe/work/f2/6945babbb2aff86181550d378f422e]
Jul-05 16:26:01.391 [TaskFinalizer-4] DEBUG nextflow.Session - Cannot invoke "groovyx.gpars.agent.Agent.send(Object)" because "this.writer" is null
java.lang.NullPointerException: Cannot invoke "groovyx.gpars.agent.Agent.send(Object)" because "this.writer" is null
	at nextflow.trace.TraceFileObserver.onProcessComplete(TraceFileObserver.groovy:270)
	at nextflow.Session$_notifyTaskComplete_lambda34.doCall(Session.groovy:1063)
	at nextflow.Session.notifyEvent(Session.groovy:1138)
	at nextflow.Session.notifyTaskComplete(Session.groovy:1063)
	at nextflow.processor.TaskPollingMonitor.finalizeTask(TaskPollingMonitor.groovy:699)
	at nextflow.processor.TaskPollingMonitor.safeFinalizeTask(TaskPollingMonitor.groovy:686)
	at java.base/jdk.internal.reflect.NativeMethodAccessorImpl.invoke0(Native Method)
	at java.base/jdk.internal.reflect.NativeMethodAccessorImpl.invoke(NativeMethodAccessorImpl.java:77)
	at java.base/jdk.internal.reflect.DelegatingMethodAccessorImpl.invoke(DelegatingMethodAccessorImpl.java:43)
	at java.base/java.lang.reflect.Method.invoke(Method.java:568)
	at org.codehaus.groovy.reflection.CachedMethod.invoke(CachedMethod.java:343)
	at groovy.lang.MetaMethod.doMethodInvoke(MetaMethod.java:328)
	at groovy.lang.MetaClassImpl.doInvokeMethod(MetaClassImpl.java:1333)
	at groovy.lang.MetaClassImpl.invokeMethod(MetaClassImpl.java:1088)
	at groovy.lang.MetaClassImpl.invokeMethod(MetaClassImpl.java:1007)
	at org.codehaus.groovy.runtime.InvokerHelper.invokePogoMethod(InvokerHelper.java:645)
	at org.codehaus.groovy.runtime.InvokerHelper.invokeMethod(InvokerHelper.java:628)
	at org.codehaus.groovy.runtime.InvokerHelper.invokeMethodSafe(InvokerHelper.java:82)
	at nextflow.processor.TaskPollingMonitor$_checkTaskStatus_lambda8.doCall(TaskPollingMonitor.groovy:676)
	at java.base/java.util.concurrent.Executors$RunnableAdapter.call(Executors.java:539)
	at java.base/java.util.concurrent.FutureTask.run(FutureTask.java:264)
	at java.base/java.util.concurrent.ThreadPoolExecutor.runWorker(ThreadPoolExecutor.java:1136)
	at java.base/java.util.concurrent.ThreadPoolExecutor$Worker.run(ThreadPoolExecutor.java:635)
	at java.base/java.lang.Thread.run(Thread.java:842)
Jul-05 16:26:01.412 [Task submitter] DEBUG n.executor.local.LocalTaskHandler - Launch cmd line: /bin/bash -ue .command.run
Jul-05 16:26:01.412 [Task submitter] INFO  nextflow.Session - [10/9e52c1] Submitted process > POPPUNK_MODEL (poppunk_model)
Jul-05 16:26:59.284 [Task monitor] DEBUG n.processor.TaskPollingMonitor - Task completed > TaskHandler[id: 5; name: POPPUNK_MODEL (poppunk_model); status: COMPLETED; exit: 139; error: -; workDir: /home/phemarajata/combined_poppunk_poppipe/work/10/9e52c1b51164bd2d3dbd38c85204b4]
Jul-05 16:26:59.289 [TaskFinalizer-5] DEBUG nextflow.processor.TaskProcessor - Handling unexpected condition for
  task: name=POPPUNK_MODEL (poppunk_model); work-dir=/home/phemarajata/combined_poppunk_poppipe/work/10/9e52c1b51164bd2d3dbd38c85204b4
  error [nextflow.exception.ProcessFailedException]: Process `POPPUNK_MODEL (poppunk_model)` terminated with an error exit status (139)
Jul-05 16:26:59.297 [TaskFinalizer-5] INFO  nextflow.processor.TaskProcessor - [10/9e52c1] NOTE: Process `POPPUNK_MODEL (poppunk_model)` terminated with an error exit status (139) -- Execution is retried (1)
Jul-05 16:26:59.298 [TaskFinalizer-5] DEBUG nextflow.Session - Cannot invoke "groovyx.gpars.agent.Agent.send(Object)" because "this.writer" is null
java.lang.NullPointerException: Cannot invoke "groovyx.gpars.agent.Agent.send(Object)" because "this.writer" is null
	at nextflow.trace.TraceFileObserver.onProcessComplete(TraceFileObserver.groovy:270)
	at nextflow.Session$_notifyTaskComplete_lambda34.doCall(Session.groovy:1063)
	at nextflow.Session.notifyEvent(Session.groovy:1138)
	at nextflow.Session.notifyTaskComplete(Session.groovy:1063)
	at nextflow.processor.TaskPollingMonitor.finalizeTask(TaskPollingMonitor.groovy:699)
	at nextflow.processor.TaskPollingMonitor.safeFinalizeTask(TaskPollingMonitor.groovy:686)
	at java.base/jdk.internal.reflect.NativeMethodAccessorImpl.invoke0(Native Method)
	at java.base/jdk.internal.reflect.NativeMethodAccessorImpl.invoke(NativeMethodAccessorImpl.java:77)
	at java.base/jdk.internal.reflect.DelegatingMethodAccessorImpl.invoke(DelegatingMethodAccessorImpl.java:43)
	at java.base/java.lang.reflect.Method.invoke(Method.java:568)
	at org.codehaus.groovy.reflection.CachedMethod.invoke(CachedMethod.java:343)
	at groovy.lang.MetaMethod.doMethodInvoke(MetaMethod.java:328)
	at groovy.lang.MetaClassImpl.doInvokeMethod(MetaClassImpl.java:1333)
	at groovy.lang.MetaClassImpl.invokeMethod(MetaClassImpl.java:1088)
	at groovy.lang.MetaClassImpl.invokeMethod(MetaClassImpl.java:1007)
	at org.codehaus.groovy.runtime.InvokerHelper.invokePogoMethod(InvokerHelper.java:645)
	at org.codehaus.groovy.runtime.InvokerHelper.invokeMethod(InvokerHelper.java:628)
	at org.codehaus.groovy.runtime.InvokerHelper.invokeMethodSafe(InvokerHelper.java:82)
	at nextflow.processor.TaskPollingMonitor$_checkTaskStatus_lambda8.doCall(TaskPollingMonitor.groovy:676)
	at java.base/java.util.concurrent.Executors$RunnableAdapter.call(Executors.java:539)
	at java.base/java.util.concurrent.FutureTask.run(FutureTask.java:264)
	at java.base/java.util.concurrent.ThreadPoolExecutor.runWorker(ThreadPoolExecutor.java:1136)
	at java.base/java.util.concurrent.ThreadPoolExecutor$Worker.run(ThreadPoolExecutor.java:635)
	at java.base/java.lang.Thread.run(Thread.java:842)
Jul-05 16:26:59.304 [Task submitter] DEBUG n.executor.local.LocalTaskHandler - Launch cmd line: /bin/bash -ue .command.run
Jul-05 16:26:59.304 [Task submitter] INFO  nextflow.Session - [f0/8f3a63] Re-submitted process > POPPUNK_MODEL (poppunk_model)
Jul-05 16:27:00.708 [Task monitor] DEBUG n.processor.TaskPollingMonitor - Task completed > TaskHandler[id: 6; name: POPPUNK_MODEL (poppunk_model); status: COMPLETED; exit: 139; error: -; workDir: /home/phemarajata/combined_poppunk_poppipe/work/f0/8f3a63c29d4f99079642bfd58689ad]
Jul-05 16:27:00.710 [TaskFinalizer-6] DEBUG nextflow.processor.TaskProcessor - Handling unexpected condition for
  task: name=POPPUNK_MODEL (poppunk_model); work-dir=/home/phemarajata/combined_poppunk_poppipe/work/f0/8f3a63c29d4f99079642bfd58689ad
  error [nextflow.exception.ProcessFailedException]: Process `POPPUNK_MODEL (poppunk_model)` terminated with an error exit status (139)
Jul-05 16:27:00.711 [TaskFinalizer-6] INFO  nextflow.processor.TaskProcessor - [f0/8f3a63] NOTE: Process `POPPUNK_MODEL (poppunk_model)` terminated with an error exit status (139) -- Execution is retried (2)
Jul-05 16:27:00.713 [TaskFinalizer-6] DEBUG nextflow.Session - Cannot invoke "groovyx.gpars.agent.Agent.send(Object)" because "this.writer" is null
java.lang.NullPointerException: Cannot invoke "groovyx.gpars.agent.Agent.send(Object)" because "this.writer" is null
	at nextflow.trace.TraceFileObserver.onProcessComplete(TraceFileObserver.groovy:270)
	at nextflow.Session$_notifyTaskComplete_lambda34.doCall(Session.groovy:1063)
	at nextflow.Session.notifyEvent(Session.groovy:1138)
	at nextflow.Session.notifyTaskComplete(Session.groovy:1063)
	at nextflow.processor.TaskPollingMonitor.finalizeTask(TaskPollingMonitor.groovy:699)
	at nextflow.processor.TaskPollingMonitor.safeFinalizeTask(TaskPollingMonitor.groovy:686)
	at java.base/jdk.internal.reflect.NativeMethodAccessorImpl.invoke0(Native Method)
	at java.base/jdk.internal.reflect.NativeMethodAccessorImpl.invoke(NativeMethodAccessorImpl.java:77)
	at java.base/jdk.internal.reflect.DelegatingMethodAccessorImpl.invoke(DelegatingMethodAccessorImpl.java:43)
	at java.base/java.lang.reflect.Method.invoke(Method.java:568)
	at org.codehaus.groovy.reflection.CachedMethod.invoke(CachedMethod.java:343)
	at groovy.lang.MetaMethod.doMethodInvoke(MetaMethod.java:328)
	at groovy.lang.MetaClassImpl.doInvokeMethod(MetaClassImpl.java:1333)
	at groovy.lang.MetaClassImpl.invokeMethod(MetaClassImpl.java:1088)
	at groovy.lang.MetaClassImpl.invokeMethod(MetaClassImpl.java:1007)
	at org.codehaus.groovy.runtime.InvokerHelper.invokePogoMethod(InvokerHelper.java:645)
	at org.codehaus.groovy.runtime.InvokerHelper.invokeMethod(InvokerHelper.java:628)
	at org.codehaus.groovy.runtime.InvokerHelper.invokeMethodSafe(InvokerHelper.java:82)
	at nextflow.processor.TaskPollingMonitor$_checkTaskStatus_lambda8.doCall(TaskPollingMonitor.groovy:676)
	at java.base/java.util.concurrent.Executors$RunnableAdapter.call(Executors.java:539)
	at java.base/java.util.concurrent.FutureTask.run(FutureTask.java:264)
	at java.base/java.util.concurrent.ThreadPoolExecutor.runWorker(ThreadPoolExecutor.java:1136)
	at java.base/java.util.concurrent.ThreadPoolExecutor$Worker.run(ThreadPoolExecutor.java:635)
	at java.base/java.lang.Thread.run(Thread.java:842)
Jul-05 16:27:00.717 [Task submitter] DEBUG n.executor.local.LocalTaskHandler - Launch cmd line: /bin/bash -ue .command.run
Jul-05 16:27:00.718 [Task submitter] INFO  nextflow.Session - [8f/f7347f] Re-submitted process > POPPUNK_MODEL (poppunk_model)
Jul-05 16:27:02.195 [Task monitor] DEBUG n.processor.TaskPollingMonitor - Task completed > TaskHandler[id: 7; name: POPPUNK_MODEL (poppunk_model); status: COMPLETED; exit: 139; error: -; workDir: /home/phemarajata/combined_poppunk_poppipe/work/8f/f7347f3c2b9487653ff63869d6bf82]
Jul-05 16:27:02.196 [TaskFinalizer-7] DEBUG nextflow.processor.TaskProcessor - Handling unexpected condition for
  task: name=POPPUNK_MODEL (poppunk_model); work-dir=/home/phemarajata/combined_poppunk_poppipe/work/8f/f7347f3c2b9487653ff63869d6bf82
  error [nextflow.exception.ProcessFailedException]: Process `POPPUNK_MODEL (poppunk_model)` terminated with an error exit status (139)
Jul-05 16:27:02.206 [TaskFinalizer-7] ERROR nextflow.processor.TaskProcessor - Error executing process > 'POPPUNK_MODEL (poppunk_model)'

Caused by:
  Process `POPPUNK_MODEL (poppunk_model)` terminated with an error exit status (139)


Command executed:

  # Check if subset list is not empty
  if [ ! -s subset.list ]; then
      echo "ERROR: Subset list is empty. No valid genomes found for PopPUNK modeling."
      exit 1
  fi
  
  echo "Building PopPUNK database with $(wc -l < subset.list) genomes..."
  
  # Create a new file list with staged filenames (not absolute paths)
  # Map the sample names from subset.list to the staged FASTA files
  > staged_files.list
  while IFS=$'\t' read -r sample_name file_path; do
      # Find the corresponding staged file
      basename_file=$(basename "$file_path")
      if [ -f "$basename_file" ]; then
          echo -e "$sample_name\t$basename_file" >> staged_files.list
          echo "Mapped: $sample_name -> $basename_file"
      else
          echo "ERROR: Staged file not found: $basename_file"
          exit 1
      fi
  done < subset.list
  
  echo "Created staged files list:"
  cat staged_files.list
  
  echo "All files verified. Starting PopPUNK database creation..."
  
  poppunk --create-db --r-files staged_files.list \
      --output poppunk_db --threads 2
  
  echo "Database created successfully. Fitting model with PopPUNK 2.7.x features..."
  
  # Use optimized PopPUNK 2.7.x features for better cluster separation
  echo "Fitting PopPUNK model with optimized parameters for better clustering..."
  poppunk --fit-model bgmm --ref-db poppunk_db \
      --output poppunk_fit --threads 2 \
      --reciprocal-only \
      --count-unique-distances \
      --max-search-depth 20 \
      --K 3
  
  echo "Model fitting completed. Copying fitted model files to database directory..."
  
  # Copy all fitted model files from poppunk_fit to poppunk_db
  # This ensures the database directory contains both the database and the fitted model
  if [ -d "poppunk_fit" ]; then
      echo "Copying fitted model files to poppunk_db directory..."
  
      # Copy all files from poppunk_fit to poppunk_db
      cp poppunk_fit/* poppunk_db/ 2>/dev/null || echo "Some files could not be copied"
  
      # The critical step: rename the fitted model file to match what PopPUNK expects
      if [ -f "poppunk_db/poppunk_fit_fit.pkl" ]; then
          cp poppunk_db/poppunk_fit_fit.pkl poppunk_db/poppunk_db_fit.pkl
          echo "âœ“ Created poppunk_db_fit.pkl from poppunk_fit_fit.pkl"
      fi
  
      # Also copy the npz file with the correct name
      if [ -f "poppunk_db/poppunk_fit_fit.npz" ]; then
          cp poppunk_db/poppunk_fit_fit.npz poppunk_db/poppunk_db_fit.npz
          echo "âœ“ Created poppunk_db_fit.npz from poppunk_fit_fit.npz"
      fi
  
      # Copy the graph file with the correct name - CRITICAL for poppunk_assign
      if [ -f "poppunk_db/poppunk_fit_graph.gt" ]; then
          cp poppunk_db/poppunk_fit_graph.gt poppunk_db/poppunk_db_graph.gt
          echo "âœ“ Created poppunk_db_graph.gt from poppunk_fit_graph.gt"
      fi
  
      # Copy the cluster file with the correct name - CRITICAL for poppunk_assign
      if [ -f "poppunk_db/poppunk_fit_clusters.csv" ]; then
          cp poppunk_db/poppunk_fit_clusters.csv poppunk_db/poppunk_db_clusters.csv
          echo "âœ“ Created poppunk_db_clusters.csv from poppunk_fit_clusters.csv"
      fi
  
      echo "Files in poppunk_db after copying:"
      ls -la poppunk_db/
  
      # Verify the critical model files exist
      if [ -f "poppunk_db/poppunk_db_fit.pkl" ]; then
          echo "âœ“ Found fitted model file: poppunk_db_fit.pkl"
      else
          echo "âš  Model .pkl file not found. Available files:"
          ls -la poppunk_db/*.pkl 2>/dev/null || echo "No .pkl files found"
      fi
  
      if [ -f "poppunk_db/poppunk_db_graph.gt" ]; then
          echo "âœ“ Found graph file: poppunk_db_graph.gt"
      else
          echo "âš  Graph file not found. Available graph files:"
          ls -la poppunk_db/*.gt 2>/dev/null || echo "No .gt files found"
      fi
  
      if [ -f "poppunk_db/poppunk_db_clusters.csv" ]; then
          echo "âœ“ Found cluster file: poppunk_db_clusters.csv"
      else
          echo "âš  Cluster file not found. Available cluster files:"
          ls -la poppunk_db/*clusters*.csv 2>/dev/null || echo "No cluster CSV files found"
      fi
  else
      echo "ERROR: poppunk_fit directory not found"
      exit 1
  fi
  
  # Check for different possible output file locations for cluster assignments
  if [ -f "poppunk_fit/poppunk_fit_clusters.csv" ]; then
      cp poppunk_fit/poppunk_fit_clusters.csv cluster_model.csv
      echo "Found poppunk_fit_clusters.csv in poppunk_fit/"
  elif [ -f "poppunk_fit/cluster_assignments.csv" ]; then
      cp poppunk_fit/cluster_assignments.csv cluster_model.csv
      echo "Found cluster_assignments.csv in poppunk_fit/"
  elif ls poppunk_fit/*_clusters.csv 1> /dev/null 2>&1; then
      cp poppunk_fit/*_clusters.csv cluster_model.csv
      echo "Found cluster file in poppunk_fit/"
  elif ls poppunk_fit/*.csv 1> /dev/null 2>&1; then
      cp poppunk_fit/*.csv cluster_model.csv
      echo "Found CSV file in poppunk_fit/"
  else
      echo "Available files in poppunk_fit/:"
      ls -la poppunk_fit/ || echo "poppunk_fit directory not found"
      echo "Available files in current directory:"
      ls -la *.csv || echo "No CSV files found"
      # Create a minimal output file so the pipeline doesn't fail
      echo "sample,cluster" > cluster_model.csv
      echo "PopPUNK completed but cluster assignments file not found in expected location"
  fi
  
  echo "PopPUNK model completed successfully!"

Command exit status:
  139

Command output:
  Building PopPUNK database with 21 genomes...
  Mapped: genome_cluster1_1 -> genome_cluster1_1.fasta
  Mapped: genome_cluster1_2 -> genome_cluster1_2.fasta
  Mapped: genome_cluster1_3 -> genome_cluster1_3.fasta
  Mapped: genome_cluster1_4 -> genome_cluster1_4.fasta
  Mapped: genome_cluster1_5 -> genome_cluster1_5.fasta
  Mapped: genome_cluster1_6 -> genome_cluster1_6.fasta
  Mapped: genome_cluster1_7 -> genome_cluster1_7.fasta
  Mapped: genome_cluster1_8 -> genome_cluster1_8.fasta
  Mapped: genome_cluster2_1 -> genome_cluster2_1.fasta
  Mapped: genome_cluster2_2 -> genome_cluster2_2.fasta
  Mapped: genome_cluster2_3 -> genome_cluster2_3.fasta
  Mapped: genome_cluster2_4 -> genome_cluster2_4.fasta
  Mapped: genome_cluster2_5 -> genome_cluster2_5.fasta
  Mapped: genome_cluster2_6 -> genome_cluster2_6.fasta
  Mapped: genome_cluster3_1 -> genome_cluster3_1.fasta
  Mapped: genome_cluster3_2 -> genome_cluster3_2.fasta
  Mapped: genome_cluster3_3 -> genome_cluster3_3.fasta
  Mapped: genome_cluster3_4 -> genome_cluster3_4.fasta
  Mapped: outlier_1 -> outlier_1.fasta
  Mapped: outlier_2 -> outlier_2.fasta
  Mapped: outlier_3 -> outlier_3.fasta
  Created staged files list:
  genome_cluster1_1	genome_cluster1_1.fasta
  genome_cluster1_2	genome_cluster1_2.fasta
  genome_cluster1_3	genome_cluster1_3.fasta
  genome_cluster1_4	genome_cluster1_4.fasta
  genome_cluster1_5	genome_cluster1_5.fasta
  genome_cluster1_6	genome_cluster1_6.fasta
  genome_cluster1_7	genome_cluster1_7.fasta
  genome_cluster1_8	genome_cluster1_8.fasta
  genome_cluster2_1	genome_cluster2_1.fasta
  genome_cluster2_2	genome_cluster2_2.fasta
  genome_cluster2_3	genome_cluster2_3.fasta
  genome_cluster2_4	genome_cluster2_4.fasta
  genome_cluster2_5	genome_cluster2_5.fasta
  genome_cluster2_6	genome_cluster2_6.fasta
  genome_cluster3_1	genome_cluster3_1.fasta
  genome_cluster3_2	genome_cluster3_2.fasta
  genome_cluster3_3	genome_cluster3_3.fasta
  genome_cluster3_4	genome_cluster3_4.fasta
  outlier_1	outlier_1.fasta
  outlier_2	outlier_2.fasta
  outlier_3	outlier_3.fasta
  All files verified. Starting PopPUNK database creation...

Command error:
  NOTE: genome_cluster1_5 required densification
  NOTE: genome_cluster1_6 required densification
  NOTE: genome_cluster1_7 required densification
  NOTE: genome_cluster1_8 required densification
  NOTE: genome_cluster2_1 required densification
  NOTE: genome_cluster2_2 required densification
  NOTE: genome_cluster2_3 required densification
  NOTE: genome_cluster2_4 required densification
  NOTE: genome_cluster2_5 required densification
  NOTE: genome_cluster2_6 required densification
  NOTE: genome_cluster3_1 required densification
  NOTE: genome_cluster3_2 required densification
  NOTE: genome_cluster3_3 required densification
  NOTE: genome_cluster3_4 required densification
  NOTE: outlier_1 required densification
  NOTE: outlier_2 required densification
  NOTE: outlier_3 required densification
  Calculating random match chances using Monte Carlo
  Calculating distances using 2 thread(s)
  
  Progress (CPU): 0.0%
  Progress (CPU): 0.4%
  Progress (CPU): 0.8%
  Progress (CPU): 1.2%
  Progress (CPU): 1.6%
  Progress (CPU): 2.0%
  Progress (CPU): 2.4%
  Progress (CPU): 2.8%
  Progress (CPU): 3.2%
  Progress (CPU): 3.6%
  Progress (CPU): 4.0%
  Progress (CPU): 4.4%
  Progress (CPU): 4.8%
  Progress (CPU): 5.2%
  Progress (CPU): 5.6%
  Progress (CPU): 6.0%
  Progress (CPU): 6.4%
  Progress (CPU): 6.8%
  Progress (CPU): 7.2%
  Progress (CPU): 7.6%
  Progress (CPU): 8.0%
  Progress (CPU): 8.4%
  Progress (CPU): 8.8%
  Progress (CPU): 9.2%
  Progress (CPU): 9.6%
  Progress (CPU): 10.0%
  Progress (CPU): 10.4%
  Progress (CPU): 10.8%
  Progress (CPU): 11.2%
  Progress (CPU): 11.6%.command.sh: line 31:    96 Segmentation fault      (core dumped) poppunk --create-db --r-files staged_files.list --output poppunk_db --threads 2

Work dir:
  /home/phemarajata/combined_poppunk_poppipe/work/8f/f7347f3c2b9487653ff63869d6bf82

Container:
  staphb/poppunk:2.7.5

Tip: you can replicate the issue by changing to the process work dir and entering the command `bash .command.run`
Jul-05 16:27:02.208 [TaskFinalizer-7] DEBUG nextflow.Session - Cannot invoke "groovyx.gpars.agent.Agent.send(Object)" because "this.writer" is null
java.lang.NullPointerException: Cannot invoke "groovyx.gpars.agent.Agent.send(Object)" because "this.writer" is null
	at nextflow.trace.TraceFileObserver.onProcessComplete(TraceFileObserver.groovy:270)
	at nextflow.Session$_notifyTaskComplete_lambda34.doCall(Session.groovy:1063)
	at nextflow.Session.notifyEvent(Session.groovy:1138)
	at nextflow.Session.notifyTaskComplete(Session.groovy:1063)
	at nextflow.processor.TaskPollingMonitor.finalizeTask(TaskPollingMonitor.groovy:699)
	at nextflow.processor.TaskPollingMonitor.safeFinalizeTask(TaskPollingMonitor.groovy:686)
	at java.base/jdk.internal.reflect.NativeMethodAccessorImpl.invoke0(Native Method)
	at java.base/jdk.internal.reflect.NativeMethodAccessorImpl.invoke(NativeMethodAccessorImpl.java:77)
	at java.base/jdk.internal.reflect.DelegatingMethodAccessorImpl.invoke(DelegatingMethodAccessorImpl.java:43)
	at java.base/java.lang.reflect.Method.invoke(Method.java:568)
	at org.codehaus.groovy.reflection.CachedMethod.invoke(CachedMethod.java:343)
	at groovy.lang.MetaMethod.doMethodInvoke(MetaMethod.java:328)
	at groovy.lang.MetaClassImpl.doInvokeMethod(MetaClassImpl.java:1333)
	at groovy.lang.MetaClassImpl.invokeMethod(MetaClassImpl.java:1088)
	at groovy.lang.MetaClassImpl.invokeMethod(MetaClassImpl.java:1007)
	at org.codehaus.groovy.runtime.InvokerHelper.invokePogoMethod(InvokerHelper.java:645)
	at org.codehaus.groovy.runtime.InvokerHelper.invokeMethod(InvokerHelper.java:628)
	at org.codehaus.groovy.runtime.InvokerHelper.invokeMethodSafe(InvokerHelper.java:82)
	at nextflow.processor.TaskPollingMonitor$_checkTaskStatus_lambda8.doCall(TaskPollingMonitor.groovy:676)
	at java.base/java.util.concurrent.Executors$RunnableAdapter.call(Executors.java:539)
	at java.base/java.util.concurrent.FutureTask.run(FutureTask.java:264)
	at java.base/java.util.concurrent.ThreadPoolExecutor.runWorker(ThreadPoolExecutor.java:1136)
	at java.base/java.util.concurrent.ThreadPoolExecutor$Worker.run(ThreadPoolExecutor.java:635)
	at java.base/java.lang.Thread.run(Thread.java:842)
Jul-05 16:27:02.209 [TaskFinalizer-7] DEBUG nextflow.Session - Session aborted -- Cause: Process `POPPUNK_MODEL (poppunk_model)` terminated with an error exit status (139)
Jul-05 16:27:02.209 [main] DEBUG nextflow.Session - Session await > all processes finished
Jul-05 16:27:02.219 [main] DEBUG nextflow.Session - Session await > all barriers passed
Jul-05 16:27:02.220 [Task monitor] DEBUG n.processor.TaskPollingMonitor - <<< barrier arrives (monitor: local) - terminating tasks monitor poll loop
Jul-05 16:27:02.221 [main] INFO  nextflow.script.BaseScript - 
â•”â•â•â•â•â•â•â•â•â•â•â•â•â•â•â•â•â•â•â•â•â•â•â•â•â•â•â•â•â•â•â•â•â•â•â•â•â•â•â•â•â•â•â•â•â•â•â•â•â•â•â•â•â•â•â•â•â•â•â•â•â•â•â•â•â•â•â•â•â•â•â•â•â•â•â•â•â•â•â•—
â•‘                    COMBINED POPPUNK + POPPIPE PIPELINE                       â•‘
â•‘                                 COMPLETED                                    â•‘
â• â•â•â•â•â•â•â•â•â•â•â•â•â•â•â•â•â•â•â•â•â•â•â•â•â•â•â•â•â•â•â•â•â•â•â•â•â•â•â•â•â•â•â•â•â•â•â•â•â•â•â•â•â•â•â•â•â•â•â•â•â•â•â•â•â•â•â•â•â•â•â•â•â•â•â•â•â•â•â•£
â•‘ Phase 1 (PopPUNK): Bacterial genome clustering completed                    â•‘
â•‘ Phase 2 (PopPIPE): Downstream analysis and subclustering completed          â•‘
â•‘                                                                              â•‘
â•‘ Results available in: ./test_results                                  â•‘
â•‘                                                                              â•‘
â•‘ Key outputs:                                                                 â•‘
â•‘ - PopPUNK clusters: poppunk_full/full_assign.csv                           â•‘
â•‘ - PopPIPE subclusters: output/all_clusters.txt                             â•‘
â•‘ - Summary reports: summary/pipeline_summary.txt                             â•‘
â•šâ•â•â•â•â•â•â•â•â•â•â•â•â•â•â•â•â•â•â•â•â•â•â•â•â•â•â•â•â•â•â•â•â•â•â•â•â•â•â•â•â•â•â•â•â•â•â•â•â•â•â•â•â•â•â•â•â•â•â•â•â•â•â•â•â•â•â•â•â•â•â•â•â•â•â•â•â•â•â•

Jul-05 16:27:02.226 [main] DEBUG n.trace.WorkflowStatsObserver - Workflow completed > WorkflowStats[succeededCount=4; failedCount=3; ignoredCount=0; cachedCount=0; pendingCount=0; submittedCount=0; runningCount=0; retriesCount=2; abortedCount=0; succeedDuration=4s; failedDuration=2m 1s; cachedDuration=0ms;loadCpus=0; loadMemory=0; peakRunning=1; peakCpus=8; peakMemory=32 GB; ]
Jul-05 16:27:02.226 [main] DEBUG nextflow.trace.TraceFileObserver - Workflow completed -- saving trace file
Jul-05 16:27:02.226 [main] DEBUG nextflow.Session - Cannot invoke "groovyx.gpars.agent.Agent.await()" because "this.writer" is null
java.lang.NullPointerException: Cannot invoke "groovyx.gpars.agent.Agent.await()" because "this.writer" is null
	at nextflow.trace.TraceFileObserver.onFlowComplete(TraceFileObserver.groovy:221)
	at nextflow.Session$_notifyFlowComplete_lambda45.doCall(Session.groovy:1107)
	at nextflow.Session.notifyEvent(Session.groovy:1138)
	at nextflow.Session.notifyFlowComplete(Session.groovy:1107)
	at nextflow.Session.shutdown0(Session.groovy:768)
	at nextflow.Session.destroy(Session.groovy:713)
	at nextflow.script.ScriptRunner.shutdown(ScriptRunner.groovy:263)
	at nextflow.script.ScriptRunner.execute(ScriptRunner.groovy:147)
	at nextflow.cli.CmdRun.run(CmdRun.groovy:379)
	at nextflow.cli.Launcher.run(Launcher.groovy:513)
	at nextflow.cli.Launcher.main(Launcher.groovy:673)
Jul-05 16:27:02.226 [main] DEBUG nextflow.trace.ReportObserver - Workflow completed -- rendering execution report
Jul-05 16:27:02.508 [main] WARN  nextflow.trace.ReportObserver - Failed to render execution report -- see the log file for details
nextflow.exception.AbortOperationException: Report file already exists: /home/phemarajata/combined_poppunk_poppipe/test_results/reports/execution_report.html -- enable the 'report.overwrite' option in your config file to overwrite existing files
	at nextflow.trace.TraceHelper.newFileWriter(TraceHelper.groovy:67)
	at nextflow.trace.ReportObserver.renderHtml(ReportObserver.groovy:284)
	at nextflow.trace.ReportObserver.onFlowComplete(ReportObserver.groovy:143)
	at nextflow.Session$_notifyFlowComplete_lambda45.doCall(Session.groovy:1107)
	at nextflow.Session.notifyEvent(Session.groovy:1138)
	at nextflow.Session.notifyFlowComplete(Session.groovy:1107)
	at nextflow.Session.shutdown0(Session.groovy:768)
	at nextflow.Session.destroy(Session.groovy:713)
	at nextflow.script.ScriptRunner.shutdown(ScriptRunner.groovy:263)
	at nextflow.script.ScriptRunner.execute(ScriptRunner.groovy:147)
	at nextflow.cli.CmdRun.run(CmdRun.groovy:379)
	at nextflow.cli.Launcher.run(Launcher.groovy:513)
	at nextflow.cli.Launcher.main(Launcher.groovy:673)
Caused by: java.nio.file.FileAlreadyExistsException: /home/phemarajata/combined_poppunk_poppipe/test_results/reports/execution_report.html
	at java.base/sun.nio.fs.UnixException.translateToIOException(UnixException.java:94)
	at java.base/sun.nio.fs.UnixException.rethrowAsIOException(UnixException.java:106)
	at java.base/sun.nio.fs.UnixException.rethrowAsIOException(UnixException.java:111)
	at java.base/sun.nio.fs.UnixFileSystemProvider.newByteChannel(UnixFileSystemProvider.java:218)
	at java.base/java.nio.file.spi.FileSystemProvider.newOutputStream(FileSystemProvider.java:484)
	at java.base/java.nio.file.Files.newOutputStream(Files.java:228)
	at java.base/java.nio.file.Files.newBufferedWriter(Files.java:3008)
	at nextflow.trace.TraceHelper.newFileWriter(TraceHelper.groovy:64)
	... 12 common frames omitted
Jul-05 16:27:02.508 [main] DEBUG nextflow.trace.TimelineObserver - Workflow completed -- rendering execution timeline
Jul-05 16:27:02.541 [main] WARN  nextflow.trace.TimelineObserver - Failed to render execution timeline -- see the log file for details
nextflow.exception.AbortOperationException: Timeline file already exists: /home/phemarajata/combined_poppunk_poppipe/test_results/reports/timeline.html -- enable the 'timeline.overwrite' option in your config file to overwrite existing files
	at nextflow.trace.TraceHelper.newFileWriter(TraceHelper.groovy:67)
	at nextflow.trace.TimelineObserver.renderHtml(TimelineObserver.groovy:178)
	at nextflow.trace.TimelineObserver.onFlowComplete(TimelineObserver.groovy:87)
	at nextflow.Session$_notifyFlowComplete_lambda45.doCall(Session.groovy:1107)
	at nextflow.Session.notifyEvent(Session.groovy:1138)
	at nextflow.Session.notifyFlowComplete(Session.groovy:1107)
	at nextflow.Session.shutdown0(Session.groovy:768)
	at nextflow.Session.destroy(Session.groovy:713)
	at nextflow.script.ScriptRunner.shutdown(ScriptRunner.groovy:263)
	at nextflow.script.ScriptRunner.execute(ScriptRunner.groovy:147)
	at nextflow.cli.CmdRun.run(CmdRun.groovy:379)
	at nextflow.cli.Launcher.run(Launcher.groovy:513)
	at nextflow.cli.Launcher.main(Launcher.groovy:673)
Caused by: java.nio.file.FileAlreadyExistsException: /home/phemarajata/combined_poppunk_poppipe/test_results/reports/timeline.html
	at java.base/sun.nio.fs.UnixException.translateToIOException(UnixException.java:94)
	at java.base/sun.nio.fs.UnixException.rethrowAsIOException(UnixException.java:106)
	at java.base/sun.nio.fs.UnixException.rethrowAsIOException(UnixException.java:111)
	at java.base/sun.nio.fs.UnixFileSystemProvider.newByteChannel(UnixFileSystemProvider.java:218)
	at java.base/java.nio.file.spi.FileSystemProvider.newOutputStream(FileSystemProvider.java:484)
	at java.base/java.nio.file.Files.newOutputStream(Files.java:228)
	at java.base/java.nio.file.Files.newBufferedWriter(Files.java:3008)
	at nextflow.trace.TraceHelper.newFileWriter(TraceHelper.groovy:64)
	... 12 common frames omitted
Jul-05 16:27:02.576 [main] DEBUG nextflow.cache.CacheDB - Closing CacheDB done
Jul-05 16:27:02.583 [main] DEBUG nextflow.script.ScriptRunner - > Execution complete -- Goodbye
