Jul-06 12:01:33.469 [main] DEBUG nextflow.cli.Launcher - $> nextflow run main.nf --input ./test_data --resultsDir ./test_results --threads 8 --ram '32 GB' -profile test
Jul-06 12:01:33.529 [main] DEBUG nextflow.cli.CmdRun - N E X T F L O W  ~  version 25.04.4
Jul-06 12:01:33.544 [main] DEBUG nextflow.plugin.PluginsFacade - Setting up plugin manager > mode=prod; embedded=false; plugins-dir=/home/phemarajata/.nextflow/plugins; core-plugins: nf-amazon@2.15.0,nf-azure@1.16.0,nf-cloudcache@0.4.3,nf-codecommit@0.2.3,nf-console@1.2.1,nf-google@1.21.0,nf-k8s@1.0.0,nf-tower@1.11.3,nf-wave@1.12.1
Jul-06 12:01:33.558 [main] INFO  o.pf4j.DefaultPluginStatusProvider - Enabled plugins: []
Jul-06 12:01:33.559 [main] INFO  o.pf4j.DefaultPluginStatusProvider - Disabled plugins: []
Jul-06 12:01:33.560 [main] INFO  org.pf4j.DefaultPluginManager - PF4J version 3.12.0 in 'deployment' mode
Jul-06 12:01:33.574 [main] INFO  org.pf4j.AbstractPluginManager - No plugins
Jul-06 12:01:33.605 [main] DEBUG nextflow.config.ConfigBuilder - Found config local: /home/phemarajata/combined_poppunk_poppipe/nextflow.config
Jul-06 12:01:33.609 [main] DEBUG nextflow.config.ConfigBuilder - Parsing config file: /home/phemarajata/combined_poppunk_poppipe/nextflow.config
Jul-06 12:01:33.732 [main] DEBUG n.secret.LocalSecretsProvider - Secrets store: /home/phemarajata/.nextflow/secrets/store.json
Jul-06 12:01:33.749 [main] DEBUG nextflow.secret.SecretsLoader - Discovered secrets providers: [nextflow.secret.LocalSecretsProvider@2160e52a] - activable => nextflow.secret.LocalSecretsProvider@2160e52a
Jul-06 12:01:33.794 [main] DEBUG nextflow.config.ConfigBuilder - Applying config profile: `test`
Jul-06 12:01:35.933 [main] DEBUG nextflow.config.ConfigBuilder - Available config profiles: [standard, slurm, pbs, test_segfault, test, conda, singularity, aws, local, docker]
Jul-06 12:01:36.049 [main] DEBUG nextflow.cli.CmdRun - Applied DSL=2 from script declaration
Jul-06 12:01:36.081 [main] DEBUG nextflow.cli.CmdRun - Launching `main.nf` [dreamy_dijkstra] DSL2 - revision: 978c755289
Jul-06 12:01:36.084 [main] DEBUG nextflow.plugin.PluginsFacade - Plugins default=[]
Jul-06 12:01:36.085 [main] DEBUG nextflow.plugin.PluginsFacade - Plugins resolved requirement=[]
Jul-06 12:01:36.191 [main] DEBUG nextflow.Session - Session UUID: 027736de-00fb-416d-abf5-8c213cfcb2ed
Jul-06 12:01:36.192 [main] DEBUG nextflow.Session - Run name: dreamy_dijkstra
Jul-06 12:01:36.193 [main] DEBUG nextflow.Session - Executor pool size: 22
Jul-06 12:01:36.211 [main] DEBUG nextflow.file.FilePorter - File porter settings maxRetries=3; maxTransfers=50; pollTimeout=null
Jul-06 12:01:36.224 [main] DEBUG nextflow.util.ThreadPoolBuilder - Creating thread pool 'FileTransfer' minSize=10; maxSize=66; workQueue=LinkedBlockingQueue[-1]; allowCoreThreadTimeout=false
Jul-06 12:01:36.266 [main] DEBUG nextflow.cli.CmdRun - 
  Version: 25.04.4 build 5950
  Created: 16-06-2025 14:23 UTC (21:23 ICST)
  System: Linux 6.11.0-29-generic
  Runtime: Groovy 4.0.26 on Java HotSpot(TM) 64-Bit Server VM 17.0.12+8-LTS-286
  Encoding: UTF-8 (UTF-8)
  Process: 998816@phemarajata-Stealth-16-MercedesAMG-A1VGG [127.0.1.1]
  CPUs: 22 - Mem: 62.3 GB (1.7 GB) - Swap: 8 GB (7.2 GB)
Jul-06 12:01:36.334 [main] DEBUG nextflow.Session - Work-dir: /home/phemarajata/combined_poppunk_poppipe/work [ext2/ext3]
Jul-06 12:01:36.385 [main] DEBUG nextflow.executor.ExecutorFactory - Extension executors providers=[]
Jul-06 12:01:36.398 [main] DEBUG nextflow.Session - Observer factory: DefaultObserverFactory
Jul-06 12:01:36.432 [main] DEBUG nextflow.Session - Observer factory (v2): LinObserverFactory
Jul-06 12:01:36.457 [main] DEBUG nextflow.cache.CacheFactory - Using Nextflow cache factory: nextflow.cache.DefaultCacheFactory
Jul-06 12:01:36.467 [main] DEBUG nextflow.util.CustomThreadPool - Creating default thread pool > poolSize: 23; maxThreads: 1000
Jul-06 12:01:36.524 [main] DEBUG nextflow.Session - Session start
Jul-06 12:01:36.528 [main] DEBUG nextflow.trace.TraceFileObserver - Workflow started -- trace file: /home/phemarajata/combined_poppunk_poppipe/test_results/reports/trace.txt
Jul-06 12:01:36.530 [main] DEBUG nextflow.Session - Trace file already exists: /home/phemarajata/combined_poppunk_poppipe/test_results/reports/trace.txt -- enable the 'trace.overwrite' option in your config file to overwrite existing files
nextflow.exception.AbortOperationException: Trace file already exists: /home/phemarajata/combined_poppunk_poppipe/test_results/reports/trace.txt -- enable the 'trace.overwrite' option in your config file to overwrite existing files
	at nextflow.trace.TraceHelper.newFileWriter(TraceHelper.groovy:67)
	at nextflow.trace.TraceFileObserver.onFlowCreate(TraceFileObserver.groovy:206)
	at nextflow.Session$_notifyFlowCreate_lambda40.doCall(Session.groovy:1093)
	at nextflow.Session.notifyEvent(Session.groovy:1138)
	at nextflow.Session.notifyFlowCreate(Session.groovy:1093)
	at nextflow.Session.start(Session.groovy:585)
	at nextflow.script.ScriptRunner.execute(ScriptRunner.groovy:133)
	at nextflow.cli.CmdRun.run(CmdRun.groovy:379)
	at nextflow.cli.Launcher.run(Launcher.groovy:513)
	at nextflow.cli.Launcher.main(Launcher.groovy:673)
Caused by: java.nio.file.FileAlreadyExistsException: /home/phemarajata/combined_poppunk_poppipe/test_results/reports/trace.txt
	at java.base/sun.nio.fs.UnixException.translateToIOException(UnixException.java:94)
	at java.base/sun.nio.fs.UnixException.rethrowAsIOException(UnixException.java:106)
	at java.base/sun.nio.fs.UnixException.rethrowAsIOException(UnixException.java:111)
	at java.base/sun.nio.fs.UnixFileSystemProvider.newByteChannel(UnixFileSystemProvider.java:218)
	at java.base/java.nio.file.spi.FileSystemProvider.newOutputStream(FileSystemProvider.java:484)
	at java.base/java.nio.file.Files.newOutputStream(Files.java:228)
	at java.base/java.nio.file.Files.newBufferedWriter(Files.java:3008)
	at nextflow.trace.TraceHelper.newFileWriter(TraceHelper.groovy:64)
	... 9 common frames omitted
Jul-06 12:01:36.532 [main] DEBUG nextflow.Session - Report file already exists: /home/phemarajata/combined_poppunk_poppipe/test_results/reports/execution_report.html -- enable the 'report.overwrite' option in your config file to overwrite existing files
nextflow.exception.AbortOperationException: Report file already exists: /home/phemarajata/combined_poppunk_poppipe/test_results/reports/execution_report.html -- enable the 'report.overwrite' option in your config file to overwrite existing files
	at nextflow.trace.ReportObserver.onFlowCreate(ReportObserver.groovy:133)
	at nextflow.Session$_notifyFlowCreate_lambda40.doCall(Session.groovy:1093)
	at nextflow.Session.notifyEvent(Session.groovy:1138)
	at nextflow.Session.notifyFlowCreate(Session.groovy:1093)
	at nextflow.Session.start(Session.groovy:585)
	at nextflow.script.ScriptRunner.execute(ScriptRunner.groovy:133)
	at nextflow.cli.CmdRun.run(CmdRun.groovy:379)
	at nextflow.cli.Launcher.run(Launcher.groovy:513)
	at nextflow.cli.Launcher.main(Launcher.groovy:673)
Jul-06 12:01:36.533 [main] DEBUG nextflow.Session - Timeline file already exists: /home/phemarajata/combined_poppunk_poppipe/test_results/reports/timeline.html -- enable the 'timeline.overwrite' option in your config file to overwrite existing files
nextflow.exception.AbortOperationException: Timeline file already exists: /home/phemarajata/combined_poppunk_poppipe/test_results/reports/timeline.html -- enable the 'timeline.overwrite' option in your config file to overwrite existing files
	at nextflow.trace.TimelineObserver.onFlowCreate(TimelineObserver.groovy:76)
	at nextflow.Session$_notifyFlowCreate_lambda40.doCall(Session.groovy:1093)
	at nextflow.Session.notifyEvent(Session.groovy:1138)
	at nextflow.Session.notifyFlowCreate(Session.groovy:1093)
	at nextflow.Session.start(Session.groovy:585)
	at nextflow.script.ScriptRunner.execute(ScriptRunner.groovy:133)
	at nextflow.cli.CmdRun.run(CmdRun.groovy:379)
	at nextflow.cli.Launcher.run(Launcher.groovy:513)
	at nextflow.cli.Launcher.main(Launcher.groovy:673)
Jul-06 12:01:36.534 [main] DEBUG nextflow.Session - DAG file already exists: /home/phemarajata/combined_poppunk_poppipe/test_results/reports/pipeline_dag.html -- enable `dag.overwrite` in your config file to overwrite existing DAG files
nextflow.exception.AbortOperationException: DAG file already exists: /home/phemarajata/combined_poppunk_poppipe/test_results/reports/pipeline_dag.html -- enable `dag.overwrite` in your config file to overwrite existing DAG files
	at org.codehaus.groovy.vmplugin.v8.IndyInterface.fromCache(IndyInterface.java:321)
	at nextflow.trace.GraphObserver.onFlowCreate(GraphObserver.groovy:77)
	at nextflow.Session$_notifyFlowCreate_lambda40.doCall(Session.groovy:1093)
	at nextflow.Session.notifyEvent(Session.groovy:1138)
	at nextflow.Session.notifyFlowCreate(Session.groovy:1093)
	at nextflow.Session.start(Session.groovy:585)
	at nextflow.script.ScriptRunner.execute(ScriptRunner.groovy:133)
	at nextflow.cli.CmdRun.run(CmdRun.groovy:379)
	at nextflow.cli.Launcher.run(Launcher.groovy:513)
	at nextflow.cli.Launcher.main(Launcher.groovy:673)
Jul-06 12:01:36.973 [main] DEBUG nextflow.script.ScriptRunner - > Launching execution
Jul-06 12:01:37.000 [main] INFO  nextflow.script.BaseScript - â–¶ FASTA input directory:  ./test_data
Jul-06 12:01:37.005 [main] INFO  nextflow.script.BaseScript - â–¶ Results directory:      ./test_results
Jul-06 12:01:37.015 [main] INFO  nextflow.script.BaseScript - â–¶ Threads / RAM:          8  /  32 GB
Jul-06 12:01:38.238 [main] DEBUG nextflow.script.ProcessConfig - Config settings `withName:VALIDATE_FASTA` matches process VALIDATE_FASTA
Jul-06 12:01:38.239 [main] DEBUG nextflow.script.ProcessConfig - Config settings `withName:VALIDATE_FASTA|SUMMARY_REPORT|SPLIT_STRAINS|CLUSTER_SUMMARY` matches process VALIDATE_FASTA
Jul-06 12:01:38.244 [main] DEBUG nextflow.executor.ExecutorFactory - << taskConfig executor: local
Jul-06 12:01:38.245 [main] DEBUG nextflow.executor.ExecutorFactory - >> processorType: 'local'
Jul-06 12:01:38.249 [main] DEBUG nextflow.executor.Executor - [warm up] executor > local
Jul-06 12:01:38.253 [main] DEBUG n.processor.LocalPollingMonitor - Creating local task monitor for executor 'local' > cpus=22; memory=62.3 GB; capacity=22; pollInterval=100ms; dumpInterval=5m
Jul-06 12:01:38.255 [main] DEBUG n.processor.TaskPollingMonitor - >>> barrier register (monitor: local)
Jul-06 12:01:38.269 [main] DEBUG nextflow.processor.TaskProcessor - Creating process 'VALIDATE_FASTA': maxForks=0; fair=false; array=0
Jul-06 12:01:38.353 [main] DEBUG nextflow.script.ProcessConfig - Config settings `withName:MASH_SKETCH` matches process MASH_SKETCH
Jul-06 12:01:38.354 [main] DEBUG nextflow.script.ProcessConfig - Config settings `withName:MASH_SKETCH|MASH_DIST` matches process MASH_SKETCH
Jul-06 12:01:38.356 [main] DEBUG nextflow.executor.ExecutorFactory - << taskConfig executor: local
Jul-06 12:01:38.357 [main] DEBUG nextflow.executor.ExecutorFactory - >> processorType: 'local'
Jul-06 12:01:38.367 [main] DEBUG nextflow.processor.TaskProcessor - Creating process 'MASH_SKETCH': maxForks=0; fair=false; array=0
Jul-06 12:01:38.379 [main] DEBUG nextflow.script.ProcessConfig - Config settings `withName:MASH_DIST` matches process MASH_DIST
Jul-06 12:01:38.380 [main] DEBUG nextflow.script.ProcessConfig - Config settings `withName:MASH_SKETCH|MASH_DIST` matches process MASH_DIST
Jul-06 12:01:38.380 [main] DEBUG nextflow.executor.ExecutorFactory - << taskConfig executor: local
Jul-06 12:01:38.381 [main] DEBUG nextflow.executor.ExecutorFactory - >> processorType: 'local'
Jul-06 12:01:38.381 [main] DEBUG nextflow.processor.TaskProcessor - Creating process 'MASH_DIST': maxForks=0; fair=false; array=0
Jul-06 12:01:38.385 [main] DEBUG nextflow.script.ProcessConfig - Config settings `withName:BIN_SUBSAMPLE` matches process BIN_SUBSAMPLE
Jul-06 12:01:38.394 [main] DEBUG nextflow.executor.ExecutorFactory - << taskConfig executor: local
Jul-06 12:01:38.395 [main] DEBUG nextflow.executor.ExecutorFactory - >> processorType: 'local'
Jul-06 12:01:38.409 [main] DEBUG nextflow.processor.TaskProcessor - Creating process 'BIN_SUBSAMPLE': maxForks=0; fair=false; array=0
Jul-06 12:01:38.433 [main] DEBUG nextflow.script.ProcessConfig - Config settings `withName:POPPUNK_MODEL` matches process POPPUNK_MODEL
Jul-06 12:01:38.434 [main] DEBUG nextflow.script.ProcessConfig - Config settings `withName:POPPUNK_MODEL|POPPUNK_ASSIGN` matches process POPPUNK_MODEL
Jul-06 12:01:38.450 [main] DEBUG nextflow.executor.ExecutorFactory - << taskConfig executor: local
Jul-06 12:01:38.450 [main] DEBUG nextflow.executor.ExecutorFactory - >> processorType: 'local'
Jul-06 12:01:38.452 [main] DEBUG nextflow.processor.TaskProcessor - Creating process 'POPPUNK_MODEL': maxForks=0; fair=false; array=0
Jul-06 12:01:38.485 [main] DEBUG nextflow.script.ProcessConfig - Config settings `withName:POPPUNK_ASSIGN` matches process POPPUNK_ASSIGN
Jul-06 12:01:38.487 [main] DEBUG nextflow.script.ProcessConfig - Config settings `withName:POPPUNK_MODEL|POPPUNK_ASSIGN` matches process POPPUNK_ASSIGN
Jul-06 12:01:38.493 [main] DEBUG nextflow.executor.ExecutorFactory - << taskConfig executor: local
Jul-06 12:01:38.493 [main] DEBUG nextflow.executor.ExecutorFactory - >> processorType: 'local'
Jul-06 12:01:38.494 [main] DEBUG nextflow.processor.TaskProcessor - Creating process 'POPPUNK_ASSIGN': maxForks=0; fair=false; array=0
Jul-06 12:01:38.522 [main] DEBUG nextflow.script.ProcessConfig - Config settings `withName:SUMMARY_REPORT` matches process SUMMARY_REPORT
Jul-06 12:01:38.524 [main] DEBUG nextflow.script.ProcessConfig - Config settings `withName:VALIDATE_FASTA|SUMMARY_REPORT|SPLIT_STRAINS|CLUSTER_SUMMARY` matches process SUMMARY_REPORT
Jul-06 12:01:38.526 [main] DEBUG nextflow.executor.ExecutorFactory - << taskConfig executor: local
Jul-06 12:01:38.526 [main] DEBUG nextflow.executor.ExecutorFactory - >> processorType: 'local'
Jul-06 12:01:38.527 [main] DEBUG nextflow.processor.TaskProcessor - Creating process 'SUMMARY_REPORT': maxForks=0; fair=false; array=0
Jul-06 12:01:38.616 [main] DEBUG nextflow.script.ProcessConfig - Config settings `withName:SPLIT_STRAINS` matches process SPLIT_STRAINS
Jul-06 12:01:38.617 [main] DEBUG nextflow.script.ProcessConfig - Config settings `withName:VALIDATE_FASTA|SUMMARY_REPORT|SPLIT_STRAINS|CLUSTER_SUMMARY` matches process SPLIT_STRAINS
Jul-06 12:01:38.620 [main] DEBUG nextflow.executor.ExecutorFactory - << taskConfig executor: local
Jul-06 12:01:38.620 [main] DEBUG nextflow.executor.ExecutorFactory - >> processorType: 'local'
Jul-06 12:01:38.622 [main] DEBUG nextflow.processor.TaskProcessor - Creating process 'SPLIT_STRAINS': maxForks=0; fair=false; array=0
Jul-06 12:01:38.674 [main] DEBUG nextflow.script.ProcessConfig - Config settings `withName:SKETCHLIB_DISTS` matches process SKETCHLIB_DISTS
Jul-06 12:01:38.676 [main] DEBUG nextflow.script.ProcessConfig - Config settings `withName:SKETCHLIB_DISTS|GENERATE_NJ|SKA_BUILD|SKA_ALIGN|SKA_MAP|IQ_TREE|GUBBINS|FASTBAPS` matches process SKETCHLIB_DISTS
Jul-06 12:01:38.694 [main] DEBUG nextflow.executor.ExecutorFactory - << taskConfig executor: local
Jul-06 12:01:38.694 [main] DEBUG nextflow.executor.ExecutorFactory - >> processorType: 'local'
Jul-06 12:01:38.695 [main] DEBUG nextflow.processor.TaskProcessor - Creating process 'SKETCHLIB_DISTS': maxForks=0; fair=false; array=0
Jul-06 12:01:38.710 [main] DEBUG nextflow.script.ProcessConfig - Config settings `withName:GENERATE_NJ` matches process GENERATE_NJ
Jul-06 12:01:38.711 [main] DEBUG nextflow.script.ProcessConfig - Config settings `withName:SKETCHLIB_DISTS|GENERATE_NJ|SKA_BUILD|SKA_ALIGN|SKA_MAP|IQ_TREE|GUBBINS|FASTBAPS` matches process GENERATE_NJ
Jul-06 12:01:38.713 [main] DEBUG nextflow.executor.ExecutorFactory - << taskConfig executor: local
Jul-06 12:01:38.713 [main] DEBUG nextflow.executor.ExecutorFactory - >> processorType: 'local'
Jul-06 12:01:38.714 [main] DEBUG nextflow.processor.TaskProcessor - Creating process 'GENERATE_NJ': maxForks=0; fair=false; array=0
Jul-06 12:01:38.722 [main] DEBUG nextflow.script.ProcessConfig - Config settings `withName:SKA_BUILD` matches process SKA_BUILD
Jul-06 12:01:38.724 [main] DEBUG nextflow.script.ProcessConfig - Config settings `withName:SKETCHLIB_DISTS|GENERATE_NJ|SKA_BUILD|SKA_ALIGN|SKA_MAP|IQ_TREE|GUBBINS|FASTBAPS` matches process SKA_BUILD
Jul-06 12:01:38.726 [main] DEBUG nextflow.executor.ExecutorFactory - << taskConfig executor: local
Jul-06 12:01:38.726 [main] DEBUG nextflow.executor.ExecutorFactory - >> processorType: 'local'
Jul-06 12:01:38.727 [main] DEBUG nextflow.processor.TaskProcessor - Creating process 'SKA_BUILD': maxForks=0; fair=false; array=0
Jul-06 12:01:38.739 [main] DEBUG nextflow.script.ProcessConfig - Config settings `withName:SKA_ALIGN` matches process SKA_ALIGN
Jul-06 12:01:38.740 [main] DEBUG nextflow.script.ProcessConfig - Config settings `withName:SKETCHLIB_DISTS|GENERATE_NJ|SKA_BUILD|SKA_ALIGN|SKA_MAP|IQ_TREE|GUBBINS|FASTBAPS` matches process SKA_ALIGN
Jul-06 12:01:38.745 [main] DEBUG nextflow.executor.ExecutorFactory - << taskConfig executor: local
Jul-06 12:01:38.745 [main] DEBUG nextflow.executor.ExecutorFactory - >> processorType: 'local'
Jul-06 12:01:38.746 [main] DEBUG nextflow.processor.TaskProcessor - Creating process 'SKA_ALIGN': maxForks=0; fair=false; array=0
Jul-06 12:01:38.759 [main] DEBUG nextflow.script.ProcessConfig - Config settings `withName:SKA_MAP` matches process SKA_MAP
Jul-06 12:01:38.760 [main] DEBUG nextflow.script.ProcessConfig - Config settings `withName:SKETCHLIB_DISTS|GENERATE_NJ|SKA_BUILD|SKA_ALIGN|SKA_MAP|IQ_TREE|GUBBINS|FASTBAPS` matches process SKA_MAP
Jul-06 12:01:38.770 [main] DEBUG nextflow.executor.ExecutorFactory - << taskConfig executor: local
Jul-06 12:01:38.770 [main] DEBUG nextflow.executor.ExecutorFactory - >> processorType: 'local'
Jul-06 12:01:38.771 [main] DEBUG nextflow.processor.TaskProcessor - Creating process 'SKA_MAP': maxForks=0; fair=false; array=0
Jul-06 12:01:38.784 [main] DEBUG nextflow.script.ProcessConfig - Config settings `withName:IQ_TREE` matches process IQ_TREE
Jul-06 12:01:38.785 [main] DEBUG nextflow.script.ProcessConfig - Config settings `withName:SKETCHLIB_DISTS|GENERATE_NJ|SKA_BUILD|SKA_ALIGN|SKA_MAP|IQ_TREE|GUBBINS|FASTBAPS` matches process IQ_TREE
Jul-06 12:01:38.787 [main] DEBUG nextflow.executor.ExecutorFactory - << taskConfig executor: local
Jul-06 12:01:38.787 [main] DEBUG nextflow.executor.ExecutorFactory - >> processorType: 'local'
Jul-06 12:01:38.788 [main] DEBUG nextflow.processor.TaskProcessor - Creating process 'IQ_TREE': maxForks=0; fair=false; array=0
Jul-06 12:01:38.806 [main] DEBUG nextflow.script.ProcessConfig - Config settings `withName:GUBBINS` matches process GUBBINS
Jul-06 12:01:38.807 [main] DEBUG nextflow.script.ProcessConfig - Config settings `withName:SKETCHLIB_DISTS|GENERATE_NJ|SKA_BUILD|SKA_ALIGN|SKA_MAP|IQ_TREE|GUBBINS|FASTBAPS` matches process GUBBINS
Jul-06 12:01:38.810 [main] DEBUG nextflow.executor.ExecutorFactory - << taskConfig executor: local
Jul-06 12:01:38.811 [main] DEBUG nextflow.executor.ExecutorFactory - >> processorType: 'local'
Jul-06 12:01:38.812 [main] DEBUG nextflow.processor.TaskProcessor - Creating process 'GUBBINS': maxForks=0; fair=false; array=0
Jul-06 12:01:38.826 [main] DEBUG nextflow.script.ProcessConfig - Config settings `withName:FASTBAPS` matches process FASTBAPS
Jul-06 12:01:38.827 [main] DEBUG nextflow.script.ProcessConfig - Config settings `withName:SKETCHLIB_DISTS|GENERATE_NJ|SKA_BUILD|SKA_ALIGN|SKA_MAP|IQ_TREE|GUBBINS|FASTBAPS` matches process FASTBAPS
Jul-06 12:01:38.837 [main] DEBUG nextflow.executor.ExecutorFactory - << taskConfig executor: local
Jul-06 12:01:38.838 [main] DEBUG nextflow.executor.ExecutorFactory - >> processorType: 'local'
Jul-06 12:01:38.842 [main] DEBUG nextflow.processor.TaskProcessor - Creating process 'FASTBAPS': maxForks=0; fair=false; array=0
Jul-06 12:01:38.854 [main] DEBUG nextflow.script.ProcessConfig - Config settings `withName:CLUSTER_SUMMARY` matches process CLUSTER_SUMMARY
Jul-06 12:01:38.854 [main] DEBUG nextflow.script.ProcessConfig - Config settings `withName:VALIDATE_FASTA|SUMMARY_REPORT|SPLIT_STRAINS|CLUSTER_SUMMARY` matches process CLUSTER_SUMMARY
Jul-06 12:01:38.856 [main] DEBUG nextflow.executor.ExecutorFactory - << taskConfig executor: local
Jul-06 12:01:38.856 [main] DEBUG nextflow.executor.ExecutorFactory - >> processorType: 'local'
Jul-06 12:01:38.859 [main] DEBUG nextflow.processor.TaskProcessor - Creating process 'CLUSTER_SUMMARY': maxForks=0; fair=false; array=0
Jul-06 12:01:38.866 [main] DEBUG nextflow.Session - Workflow process names [dsl2]: CLUSTER_SUMMARY, MASH_DIST, MASH_SKETCH, SUMMARY_REPORT, SKA_MAP, GUBBINS, POPPUNK_MODEL, GENERATE_NJ, SPLIT_STRAINS, IQ_TREE, FASTBAPS, BIN_SUBSAMPLE, POPPUNK_ASSIGN, SKA_BUILD, SKETCHLIB_DISTS, VALIDATE_FASTA, SKA_ALIGN
Jul-06 12:01:38.879 [main] DEBUG nextflow.Session - Igniting dataflow network (18)
Jul-06 12:01:38.887 [main] DEBUG nextflow.processor.TaskProcessor - Starting process > VALIDATE_FASTA
Jul-06 12:01:38.890 [main] DEBUG nextflow.processor.TaskProcessor - Starting process > MASH_SKETCH
Jul-06 12:01:38.891 [main] DEBUG nextflow.processor.TaskProcessor - Starting process > MASH_DIST
Jul-06 12:01:38.891 [main] DEBUG nextflow.processor.TaskProcessor - Starting process > BIN_SUBSAMPLE
Jul-06 12:01:38.893 [main] DEBUG nextflow.processor.TaskProcessor - Starting process > POPPUNK_MODEL
Jul-06 12:01:38.893 [main] DEBUG nextflow.processor.TaskProcessor - Starting process > POPPUNK_ASSIGN
Jul-06 12:01:38.894 [main] DEBUG nextflow.processor.TaskProcessor - Starting process > SUMMARY_REPORT
Jul-06 12:01:38.894 [main] DEBUG nextflow.processor.TaskProcessor - Starting process > SPLIT_STRAINS
Jul-06 12:01:38.894 [main] DEBUG nextflow.processor.TaskProcessor - Starting process > SKETCHLIB_DISTS
Jul-06 12:01:38.894 [main] DEBUG nextflow.processor.TaskProcessor - Starting process > GENERATE_NJ
Jul-06 12:01:38.894 [main] DEBUG nextflow.processor.TaskProcessor - Starting process > SKA_BUILD
Jul-06 12:01:38.894 [main] DEBUG nextflow.processor.TaskProcessor - Starting process > SKA_ALIGN
Jul-06 12:01:38.894 [main] DEBUG nextflow.processor.TaskProcessor - Starting process > SKA_MAP
Jul-06 12:01:38.894 [main] DEBUG nextflow.processor.TaskProcessor - Starting process > IQ_TREE
Jul-06 12:01:38.894 [PathVisitor-1] DEBUG nextflow.file.PathVisitor - files for syntax: glob; folder: ./test_data/; pattern: *.fasta; options: [checkIfExists:true]
Jul-06 12:01:38.896 [main] DEBUG nextflow.processor.TaskProcessor - Starting process > GUBBINS
Jul-06 12:01:38.897 [main] DEBUG nextflow.processor.TaskProcessor - Starting process > FASTBAPS
Jul-06 12:01:38.897 [main] DEBUG nextflow.processor.TaskProcessor - Starting process > CLUSTER_SUMMARY
Jul-06 12:01:38.898 [main] DEBUG nextflow.script.ScriptRunner - Parsed script files:
  Script_677dd16b95346779: /home/phemarajata/combined_poppunk_poppipe/modules/local/sketchlib_dists.nf
  Script_7417cabf5d46dadf: /home/phemarajata/combined_poppunk_poppipe/modules/local/mash_dist.nf
  Script_5611570655ad6fc9: /home/phemarajata/combined_poppunk_poppipe/modules/local/bin_subsample.nf
  Script_891e0541a8f2d6fb: /home/phemarajata/combined_poppunk_poppipe/modules/local/iq_tree.nf
  Script_7477e1083e159689: /home/phemarajata/combined_poppunk_poppipe/modules/local/fastbaps.nf
  Script_a1ab2c7ded95b477: /home/phemarajata/combined_poppunk_poppipe/modules/local/ska_align.nf
  Script_af0f02598d046699: /home/phemarajata/combined_poppunk_poppipe/modules/local/gubbins.nf
  Script_09945ad10bc74bcc: /home/phemarajata/combined_poppunk_poppipe/modules/local/generate_nj.nf
  Script_00de19485908237f: /home/phemarajata/combined_poppunk_poppipe/modules/local/split_strains.nf
  Script_e47589c9cace8ded: /home/phemarajata/combined_poppunk_poppipe/main.nf
  Script_300c7946cb49b7c2: /home/phemarajata/combined_poppunk_poppipe/modules/local/validate_fasta.nf
  Script_12bfbeedcd9a399d: /home/phemarajata/combined_poppunk_poppipe/modules/local/ska_map.nf
  Script_fb7ab28769143d20: /home/phemarajata/combined_poppunk_poppipe/modules/local/cluster_summary.nf
  Script_0479f6cbd4bfc016: /home/phemarajata/combined_poppunk_poppipe/modules/local/ska_build.nf
  Script_2a94688d5202e40d: /home/phemarajata/combined_poppunk_poppipe/modules/local/mash_sketch.nf
  Script_304b8e50bb74db75: /home/phemarajata/combined_poppunk_poppipe/modules/local/poppunk_assign.nf
  Script_5d8500f795f4619c: /home/phemarajata/combined_poppunk_poppipe/modules/local/summary_report.nf
  Script_aaf4f112d6c3a50c: /home/phemarajata/combined_poppunk_poppipe/modules/local/poppunk_model.nf
Jul-06 12:01:38.898 [main] DEBUG nextflow.script.ScriptRunner - > Awaiting termination 
Jul-06 12:01:38.899 [main] DEBUG nextflow.Session - Session await
Jul-06 12:01:39.274 [Task submitter] DEBUG n.executor.local.LocalTaskHandler - Launch cmd line: /bin/bash -ue .command.run
Jul-06 12:01:39.276 [Task submitter] INFO  nextflow.Session - [6e/44d067] Submitted process > VALIDATE_FASTA (validate_fasta)
Jul-06 12:01:40.811 [Task monitor] DEBUG n.processor.TaskPollingMonitor - Task completed > TaskHandler[id: 1; name: VALIDATE_FASTA (validate_fasta); status: COMPLETED; exit: 0; error: -; workDir: /home/phemarajata/combined_poppunk_poppipe/work/6e/44d06790e85c4f51eacb1ca2715ee1]
Jul-06 12:01:40.812 [Task monitor] DEBUG nextflow.util.ThreadPoolBuilder - Creating thread pool 'TaskFinalizer' minSize=10; maxSize=66; workQueue=LinkedBlockingQueue[-1]; allowCoreThreadTimeout=false
Jul-06 12:01:40.826 [Actor Thread 20] INFO  nextflow.script.BaseScript - 
==================================================
Jul-06 12:01:40.827 [Actor Thread 20] INFO  nextflow.script.BaseScript - ðŸ“‹ FASTA VALIDATION REPORT
Jul-06 12:01:40.828 [Actor Thread 20] INFO  nextflow.script.BaseScript - ==================================================
Jul-06 12:01:40.829 [Actor Thread 20] INFO  nextflow.script.BaseScript - FASTA Validation Report
======================
Total files processed: 21
Valid files: 21
Invalid files: 0

Valid files (with absolute paths):
  âœ“ /home/phemarajata/combined_poppunk_poppipe/test_data/genome_cluster2_3.fasta
  âœ“ /home/phemarajata/combined_poppunk_poppipe/test_data/genome_cluster1_4.fasta
  âœ“ /home/phemarajata/combined_poppunk_poppipe/test_data/outlier_3.fasta
  âœ“ /home/phemarajata/combined_poppunk_poppipe/test_data/genome_cluster2_6.fasta
  âœ“ /home/phemarajata/combined_poppunk_poppipe/test_data/genome_cluster1_1.fasta
  âœ“ /home/phemarajata/combined_poppunk_poppipe/test_data/genome_cluster1_7.fasta
  âœ“ /home/phemarajata/combined_poppunk_poppipe/test_data/genome_cluster2_5.fasta
  âœ“ /home/phemarajata/combined_poppunk_poppipe/test_data/genome_cluster3_2.fasta
  âœ“ /home/phemarajata/combined_poppunk_poppipe/test_data/genome_cluster2_2.fasta
  âœ“ /home/phemarajata/combined_poppunk_poppipe/test_data/genome_cluster2_4.fasta
  âœ“ /home/phemarajata/combined_poppunk_poppipe/test_data/genome_cluster1_6.fasta
  âœ“ /home/phemarajata/combined_poppunk_poppipe/test_data/genome_cluster3_4.fasta
  âœ“ /home/phemarajata/combined_poppunk_poppipe/test_data/genome_cluster1_3.fasta
  âœ“ /home/phemarajata/combined_poppunk_poppipe/test_data/genome_cluster2_1.fasta
  âœ“ /home/phemarajata/combined_poppunk_poppipe/test_data/outlier_2.fasta
  âœ“ /home/phemarajata/combined_poppunk_poppipe/test_data/outlier_1.fasta
  âœ“ /home/phemarajata/combined_poppunk_poppipe/test_data/genome_cluster1_5.fasta
  âœ“ /home/phemarajata/combined_poppunk_poppipe/test_data/genome_cluster1_8.fasta
  âœ“ /home/phemarajata/combined_poppunk_poppipe/test_data/genome_cluster3_3.fasta
  âœ“ /home/phemarajata/combined_poppunk_poppipe/test_data/genome_cluster3_1.fasta
  âœ“ /home/phemarajata/combined_poppunk_poppipe/test_data/genome_cluster1_2.fasta


Jul-06 12:01:40.830 [Actor Thread 20] INFO  nextflow.script.BaseScript - ==================================================

Jul-06 12:01:40.836 [TaskFinalizer-1] DEBUG nextflow.util.ThreadPoolBuilder - Creating thread pool 'PublishDir' minSize=10; maxSize=66; workQueue=LinkedBlockingQueue[-1]; allowCoreThreadTimeout=false
Jul-06 12:01:40.862 [TaskFinalizer-1] DEBUG nextflow.Session - Cannot invoke "groovyx.gpars.agent.Agent.send(Object)" because "this.writer" is null
java.lang.NullPointerException: Cannot invoke "groovyx.gpars.agent.Agent.send(Object)" because "this.writer" is null
	at nextflow.trace.TraceFileObserver.onProcessComplete(TraceFileObserver.groovy:270)
	at nextflow.Session$_notifyTaskComplete_lambda34.doCall(Session.groovy:1063)
	at nextflow.Session.notifyEvent(Session.groovy:1138)
	at nextflow.Session.notifyTaskComplete(Session.groovy:1063)
	at nextflow.processor.TaskPollingMonitor.finalizeTask(TaskPollingMonitor.groovy:699)
	at nextflow.processor.TaskPollingMonitor.safeFinalizeTask(TaskPollingMonitor.groovy:686)
	at java.base/jdk.internal.reflect.NativeMethodAccessorImpl.invoke0(Native Method)
	at java.base/jdk.internal.reflect.NativeMethodAccessorImpl.invoke(NativeMethodAccessorImpl.java:77)
	at java.base/jdk.internal.reflect.DelegatingMethodAccessorImpl.invoke(DelegatingMethodAccessorImpl.java:43)
	at java.base/java.lang.reflect.Method.invoke(Method.java:568)
	at org.codehaus.groovy.reflection.CachedMethod.invoke(CachedMethod.java:343)
	at groovy.lang.MetaMethod.doMethodInvoke(MetaMethod.java:328)
	at groovy.lang.MetaClassImpl.doInvokeMethod(MetaClassImpl.java:1333)
	at groovy.lang.MetaClassImpl.invokeMethod(MetaClassImpl.java:1088)
	at groovy.lang.MetaClassImpl.invokeMethod(MetaClassImpl.java:1007)
	at org.codehaus.groovy.runtime.InvokerHelper.invokePogoMethod(InvokerHelper.java:645)
	at org.codehaus.groovy.runtime.InvokerHelper.invokeMethod(InvokerHelper.java:628)
	at org.codehaus.groovy.runtime.InvokerHelper.invokeMethodSafe(InvokerHelper.java:82)
	at nextflow.processor.TaskPollingMonitor$_checkTaskStatus_lambda8.doCall(TaskPollingMonitor.groovy:676)
	at java.base/java.util.concurrent.Executors$RunnableAdapter.call(Executors.java:539)
	at java.base/java.util.concurrent.FutureTask.run(FutureTask.java:264)
	at java.base/java.util.concurrent.ThreadPoolExecutor.runWorker(ThreadPoolExecutor.java:1136)
	at java.base/java.util.concurrent.ThreadPoolExecutor$Worker.run(ThreadPoolExecutor.java:635)
	at java.base/java.lang.Thread.run(Thread.java:842)
Jul-06 12:01:40.947 [Task submitter] DEBUG n.executor.local.LocalTaskHandler - Launch cmd line: /bin/bash -ue .command.run
Jul-06 12:01:40.952 [Task submitter] INFO  nextflow.Session - [57/ea5e51] Submitted process > MASH_SKETCH (mash_sketch)
Jul-06 12:01:41.420 [Task monitor] DEBUG n.processor.TaskPollingMonitor - Task completed > TaskHandler[id: 2; name: MASH_SKETCH (mash_sketch); status: COMPLETED; exit: 0; error: -; workDir: /home/phemarajata/combined_poppunk_poppipe/work/57/ea5e51f68f28f1a3ab264a58be3a6e]
Jul-06 12:01:41.430 [TaskFinalizer-2] DEBUG nextflow.Session - Cannot invoke "groovyx.gpars.agent.Agent.send(Object)" because "this.writer" is null
java.lang.NullPointerException: Cannot invoke "groovyx.gpars.agent.Agent.send(Object)" because "this.writer" is null
	at nextflow.trace.TraceFileObserver.onProcessComplete(TraceFileObserver.groovy:270)
	at nextflow.Session$_notifyTaskComplete_lambda34.doCall(Session.groovy:1063)
	at nextflow.Session.notifyEvent(Session.groovy:1138)
	at nextflow.Session.notifyTaskComplete(Session.groovy:1063)
	at nextflow.processor.TaskPollingMonitor.finalizeTask(TaskPollingMonitor.groovy:699)
	at nextflow.processor.TaskPollingMonitor.safeFinalizeTask(TaskPollingMonitor.groovy:686)
	at java.base/jdk.internal.reflect.NativeMethodAccessorImpl.invoke0(Native Method)
	at java.base/jdk.internal.reflect.NativeMethodAccessorImpl.invoke(NativeMethodAccessorImpl.java:77)
	at java.base/jdk.internal.reflect.DelegatingMethodAccessorImpl.invoke(DelegatingMethodAccessorImpl.java:43)
	at java.base/java.lang.reflect.Method.invoke(Method.java:568)
	at org.codehaus.groovy.reflection.CachedMethod.invoke(CachedMethod.java:343)
	at groovy.lang.MetaMethod.doMethodInvoke(MetaMethod.java:328)
	at groovy.lang.MetaClassImpl.doInvokeMethod(MetaClassImpl.java:1333)
	at groovy.lang.MetaClassImpl.invokeMethod(MetaClassImpl.java:1088)
	at groovy.lang.MetaClassImpl.invokeMethod(MetaClassImpl.java:1007)
	at org.codehaus.groovy.runtime.InvokerHelper.invokePogoMethod(InvokerHelper.java:645)
	at org.codehaus.groovy.runtime.InvokerHelper.invokeMethod(InvokerHelper.java:628)
	at org.codehaus.groovy.runtime.InvokerHelper.invokeMethodSafe(InvokerHelper.java:82)
	at nextflow.processor.TaskPollingMonitor$_checkTaskStatus_lambda8.doCall(TaskPollingMonitor.groovy:676)
	at java.base/java.util.concurrent.Executors$RunnableAdapter.call(Executors.java:539)
	at java.base/java.util.concurrent.FutureTask.run(FutureTask.java:264)
	at java.base/java.util.concurrent.ThreadPoolExecutor.runWorker(ThreadPoolExecutor.java:1136)
	at java.base/java.util.concurrent.ThreadPoolExecutor$Worker.run(ThreadPoolExecutor.java:635)
	at java.base/java.lang.Thread.run(Thread.java:842)
Jul-06 12:01:41.453 [Task submitter] DEBUG n.executor.local.LocalTaskHandler - Launch cmd line: /bin/bash -ue .command.run
Jul-06 12:01:41.454 [Task submitter] INFO  nextflow.Session - [37/5c618a] Submitted process > MASH_DIST (mash_dist)
Jul-06 12:01:41.801 [Task monitor] DEBUG n.processor.TaskPollingMonitor - Task completed > TaskHandler[id: 3; name: MASH_DIST (mash_dist); status: COMPLETED; exit: 0; error: -; workDir: /home/phemarajata/combined_poppunk_poppipe/work/37/5c618a3d3d2704351efe4e08e2b6b9]
Jul-06 12:01:41.805 [TaskFinalizer-3] DEBUG nextflow.Session - Cannot invoke "groovyx.gpars.agent.Agent.send(Object)" because "this.writer" is null
java.lang.NullPointerException: Cannot invoke "groovyx.gpars.agent.Agent.send(Object)" because "this.writer" is null
	at nextflow.trace.TraceFileObserver.onProcessComplete(TraceFileObserver.groovy:270)
	at nextflow.Session$_notifyTaskComplete_lambda34.doCall(Session.groovy:1063)
	at nextflow.Session.notifyEvent(Session.groovy:1138)
	at nextflow.Session.notifyTaskComplete(Session.groovy:1063)
	at nextflow.processor.TaskPollingMonitor.finalizeTask(TaskPollingMonitor.groovy:699)
	at nextflow.processor.TaskPollingMonitor.safeFinalizeTask(TaskPollingMonitor.groovy:686)
	at java.base/jdk.internal.reflect.NativeMethodAccessorImpl.invoke0(Native Method)
	at java.base/jdk.internal.reflect.NativeMethodAccessorImpl.invoke(NativeMethodAccessorImpl.java:77)
	at java.base/jdk.internal.reflect.DelegatingMethodAccessorImpl.invoke(DelegatingMethodAccessorImpl.java:43)
	at java.base/java.lang.reflect.Method.invoke(Method.java:568)
	at org.codehaus.groovy.reflection.CachedMethod.invoke(CachedMethod.java:343)
	at groovy.lang.MetaMethod.doMethodInvoke(MetaMethod.java:328)
	at groovy.lang.MetaClassImpl.doInvokeMethod(MetaClassImpl.java:1333)
	at groovy.lang.MetaClassImpl.invokeMethod(MetaClassImpl.java:1088)
	at groovy.lang.MetaClassImpl.invokeMethod(MetaClassImpl.java:1007)
	at org.codehaus.groovy.runtime.InvokerHelper.invokePogoMethod(InvokerHelper.java:645)
	at org.codehaus.groovy.runtime.InvokerHelper.invokeMethod(InvokerHelper.java:628)
	at org.codehaus.groovy.runtime.InvokerHelper.invokeMethodSafe(InvokerHelper.java:82)
	at nextflow.processor.TaskPollingMonitor$_checkTaskStatus_lambda8.doCall(TaskPollingMonitor.groovy:676)
	at java.base/java.util.concurrent.Executors$RunnableAdapter.call(Executors.java:539)
	at java.base/java.util.concurrent.FutureTask.run(FutureTask.java:264)
	at java.base/java.util.concurrent.ThreadPoolExecutor.runWorker(ThreadPoolExecutor.java:1136)
	at java.base/java.util.concurrent.ThreadPoolExecutor$Worker.run(ThreadPoolExecutor.java:635)
	at java.base/java.lang.Thread.run(Thread.java:842)
Jul-06 12:01:41.817 [Task submitter] DEBUG n.executor.local.LocalTaskHandler - Launch cmd line: /bin/bash -ue .command.run
Jul-06 12:01:41.818 [Task submitter] INFO  nextflow.Session - [95/f51639] Submitted process > BIN_SUBSAMPLE (bin_subsample)
Jul-06 12:01:45.020 [Task monitor] DEBUG n.processor.TaskPollingMonitor - Task completed > TaskHandler[id: 4; name: BIN_SUBSAMPLE (bin_subsample); status: COMPLETED; exit: 0; error: -; workDir: /home/phemarajata/combined_poppunk_poppipe/work/95/f51639bc6c037f619d4ba2ee5c5c40]
Jul-06 12:01:45.023 [TaskFinalizer-4] DEBUG nextflow.Session - Cannot invoke "groovyx.gpars.agent.Agent.send(Object)" because "this.writer" is null
java.lang.NullPointerException: Cannot invoke "groovyx.gpars.agent.Agent.send(Object)" because "this.writer" is null
	at nextflow.trace.TraceFileObserver.onProcessComplete(TraceFileObserver.groovy:270)
	at nextflow.Session$_notifyTaskComplete_lambda34.doCall(Session.groovy:1063)
	at nextflow.Session.notifyEvent(Session.groovy:1138)
	at nextflow.Session.notifyTaskComplete(Session.groovy:1063)
	at nextflow.processor.TaskPollingMonitor.finalizeTask(TaskPollingMonitor.groovy:699)
	at nextflow.processor.TaskPollingMonitor.safeFinalizeTask(TaskPollingMonitor.groovy:686)
	at java.base/jdk.internal.reflect.NativeMethodAccessorImpl.invoke0(Native Method)
	at java.base/jdk.internal.reflect.NativeMethodAccessorImpl.invoke(NativeMethodAccessorImpl.java:77)
	at java.base/jdk.internal.reflect.DelegatingMethodAccessorImpl.invoke(DelegatingMethodAccessorImpl.java:43)
	at java.base/java.lang.reflect.Method.invoke(Method.java:568)
	at org.codehaus.groovy.reflection.CachedMethod.invoke(CachedMethod.java:343)
	at groovy.lang.MetaMethod.doMethodInvoke(MetaMethod.java:328)
	at groovy.lang.MetaClassImpl.doInvokeMethod(MetaClassImpl.java:1333)
	at groovy.lang.MetaClassImpl.invokeMethod(MetaClassImpl.java:1088)
	at groovy.lang.MetaClassImpl.invokeMethod(MetaClassImpl.java:1007)
	at org.codehaus.groovy.runtime.InvokerHelper.invokePogoMethod(InvokerHelper.java:645)
	at org.codehaus.groovy.runtime.InvokerHelper.invokeMethod(InvokerHelper.java:628)
	at org.codehaus.groovy.runtime.InvokerHelper.invokeMethodSafe(InvokerHelper.java:82)
	at nextflow.processor.TaskPollingMonitor$_checkTaskStatus_lambda8.doCall(TaskPollingMonitor.groovy:676)
	at java.base/java.util.concurrent.Executors$RunnableAdapter.call(Executors.java:539)
	at java.base/java.util.concurrent.FutureTask.run(FutureTask.java:264)
	at java.base/java.util.concurrent.ThreadPoolExecutor.runWorker(ThreadPoolExecutor.java:1136)
	at java.base/java.util.concurrent.ThreadPoolExecutor$Worker.run(ThreadPoolExecutor.java:635)
	at java.base/java.lang.Thread.run(Thread.java:842)
Jul-06 12:01:45.049 [Task submitter] DEBUG n.executor.local.LocalTaskHandler - Launch cmd line: /bin/bash -ue .command.run
Jul-06 12:01:45.049 [Task submitter] INFO  nextflow.Session - [e0/9126e4] Submitted process > POPPUNK_MODEL (poppunk_model on $(basename ${sub_list} .list))
Jul-06 12:01:49.550 [Task monitor] DEBUG n.processor.TaskPollingMonitor - Task completed > TaskHandler[id: 5; name: POPPUNK_MODEL (poppunk_model on $(basename ${sub_list} .list)); status: COMPLETED; exit: 139; error: -; workDir: /home/phemarajata/combined_poppunk_poppipe/work/e0/9126e44e4e056d9209c5326ed5e8c1]
Jul-06 12:01:49.557 [TaskFinalizer-5] DEBUG nextflow.processor.TaskProcessor - Handling unexpected condition for
  task: name=POPPUNK_MODEL (poppunk_model on $(basename ${sub_list} .list)); work-dir=/home/phemarajata/combined_poppunk_poppipe/work/e0/9126e44e4e056d9209c5326ed5e8c1
  error [nextflow.exception.ProcessFailedException]: Process `POPPUNK_MODEL (poppunk_model on $(basename ${sub_list} .list))` terminated with an error exit status (139)
Jul-06 12:01:49.566 [TaskFinalizer-5] INFO  nextflow.processor.TaskProcessor - [e0/9126e4] NOTE: Process `POPPUNK_MODEL (poppunk_model on $(basename ${sub_list} .list))` terminated with an error exit status (139) -- Execution is retried (1)
Jul-06 12:01:49.568 [TaskFinalizer-5] DEBUG nextflow.Session - Cannot invoke "groovyx.gpars.agent.Agent.send(Object)" because "this.writer" is null
java.lang.NullPointerException: Cannot invoke "groovyx.gpars.agent.Agent.send(Object)" because "this.writer" is null
	at nextflow.trace.TraceFileObserver.onProcessComplete(TraceFileObserver.groovy:270)
	at nextflow.Session$_notifyTaskComplete_lambda34.doCall(Session.groovy:1063)
	at nextflow.Session.notifyEvent(Session.groovy:1138)
	at nextflow.Session.notifyTaskComplete(Session.groovy:1063)
	at nextflow.processor.TaskPollingMonitor.finalizeTask(TaskPollingMonitor.groovy:699)
	at nextflow.processor.TaskPollingMonitor.safeFinalizeTask(TaskPollingMonitor.groovy:686)
	at java.base/jdk.internal.reflect.NativeMethodAccessorImpl.invoke0(Native Method)
	at java.base/jdk.internal.reflect.NativeMethodAccessorImpl.invoke(NativeMethodAccessorImpl.java:77)
	at java.base/jdk.internal.reflect.DelegatingMethodAccessorImpl.invoke(DelegatingMethodAccessorImpl.java:43)
	at java.base/java.lang.reflect.Method.invoke(Method.java:568)
	at org.codehaus.groovy.reflection.CachedMethod.invoke(CachedMethod.java:343)
	at groovy.lang.MetaMethod.doMethodInvoke(MetaMethod.java:328)
	at groovy.lang.MetaClassImpl.doInvokeMethod(MetaClassImpl.java:1333)
	at groovy.lang.MetaClassImpl.invokeMethod(MetaClassImpl.java:1088)
	at groovy.lang.MetaClassImpl.invokeMethod(MetaClassImpl.java:1007)
	at org.codehaus.groovy.runtime.InvokerHelper.invokePogoMethod(InvokerHelper.java:645)
	at org.codehaus.groovy.runtime.InvokerHelper.invokeMethod(InvokerHelper.java:628)
	at org.codehaus.groovy.runtime.InvokerHelper.invokeMethodSafe(InvokerHelper.java:82)
	at nextflow.processor.TaskPollingMonitor$_checkTaskStatus_lambda8.doCall(TaskPollingMonitor.groovy:676)
	at java.base/java.util.concurrent.Executors$RunnableAdapter.call(Executors.java:539)
	at java.base/java.util.concurrent.FutureTask.run(FutureTask.java:264)
	at java.base/java.util.concurrent.ThreadPoolExecutor.runWorker(ThreadPoolExecutor.java:1136)
	at java.base/java.util.concurrent.ThreadPoolExecutor$Worker.run(ThreadPoolExecutor.java:635)
	at java.base/java.lang.Thread.run(Thread.java:842)
Jul-06 12:01:49.576 [Task submitter] DEBUG n.executor.local.LocalTaskHandler - Launch cmd line: /bin/bash -ue .command.run
Jul-06 12:01:49.577 [Task submitter] INFO  nextflow.Session - [c5/15955a] Re-submitted process > POPPUNK_MODEL (poppunk_model on $(basename ${sub_list} .list))
Jul-06 12:01:53.598 [Task monitor] DEBUG n.processor.TaskPollingMonitor - Task completed > TaskHandler[id: 6; name: POPPUNK_MODEL (poppunk_model on $(basename ${sub_list} .list)); status: COMPLETED; exit: 139; error: -; workDir: /home/phemarajata/combined_poppunk_poppipe/work/c5/15955ad4698b7f351e7b7b902b2950]
Jul-06 12:01:53.601 [TaskFinalizer-6] DEBUG nextflow.processor.TaskProcessor - Handling unexpected condition for
  task: name=POPPUNK_MODEL (poppunk_model on $(basename ${sub_list} .list)); work-dir=/home/phemarajata/combined_poppunk_poppipe/work/c5/15955ad4698b7f351e7b7b902b2950
  error [nextflow.exception.ProcessFailedException]: Process `POPPUNK_MODEL (poppunk_model on $(basename ${sub_list} .list))` terminated with an error exit status (139)
Jul-06 12:01:53.602 [TaskFinalizer-6] INFO  nextflow.processor.TaskProcessor - [c5/15955a] NOTE: Process `POPPUNK_MODEL (poppunk_model on $(basename ${sub_list} .list))` terminated with an error exit status (139) -- Execution is retried (2)
Jul-06 12:01:53.604 [TaskFinalizer-6] DEBUG nextflow.Session - Cannot invoke "groovyx.gpars.agent.Agent.send(Object)" because "this.writer" is null
java.lang.NullPointerException: Cannot invoke "groovyx.gpars.agent.Agent.send(Object)" because "this.writer" is null
	at nextflow.trace.TraceFileObserver.onProcessComplete(TraceFileObserver.groovy:270)
	at nextflow.Session$_notifyTaskComplete_lambda34.doCall(Session.groovy:1063)
	at nextflow.Session.notifyEvent(Session.groovy:1138)
	at nextflow.Session.notifyTaskComplete(Session.groovy:1063)
	at nextflow.processor.TaskPollingMonitor.finalizeTask(TaskPollingMonitor.groovy:699)
	at nextflow.processor.TaskPollingMonitor.safeFinalizeTask(TaskPollingMonitor.groovy:686)
	at java.base/jdk.internal.reflect.NativeMethodAccessorImpl.invoke0(Native Method)
	at java.base/jdk.internal.reflect.NativeMethodAccessorImpl.invoke(NativeMethodAccessorImpl.java:77)
	at java.base/jdk.internal.reflect.DelegatingMethodAccessorImpl.invoke(DelegatingMethodAccessorImpl.java:43)
	at java.base/java.lang.reflect.Method.invoke(Method.java:568)
	at org.codehaus.groovy.reflection.CachedMethod.invoke(CachedMethod.java:343)
	at groovy.lang.MetaMethod.doMethodInvoke(MetaMethod.java:328)
	at groovy.lang.MetaClassImpl.doInvokeMethod(MetaClassImpl.java:1333)
	at groovy.lang.MetaClassImpl.invokeMethod(MetaClassImpl.java:1088)
	at groovy.lang.MetaClassImpl.invokeMethod(MetaClassImpl.java:1007)
	at org.codehaus.groovy.runtime.InvokerHelper.invokePogoMethod(InvokerHelper.java:645)
	at org.codehaus.groovy.runtime.InvokerHelper.invokeMethod(InvokerHelper.java:628)
	at org.codehaus.groovy.runtime.InvokerHelper.invokeMethodSafe(InvokerHelper.java:82)
	at nextflow.processor.TaskPollingMonitor$_checkTaskStatus_lambda8.doCall(TaskPollingMonitor.groovy:676)
	at java.base/java.util.concurrent.Executors$RunnableAdapter.call(Executors.java:539)
	at java.base/java.util.concurrent.FutureTask.run(FutureTask.java:264)
	at java.base/java.util.concurrent.ThreadPoolExecutor.runWorker(ThreadPoolExecutor.java:1136)
	at java.base/java.util.concurrent.ThreadPoolExecutor$Worker.run(ThreadPoolExecutor.java:635)
	at java.base/java.lang.Thread.run(Thread.java:842)
Jul-06 12:01:53.611 [Task submitter] DEBUG n.executor.local.LocalTaskHandler - Launch cmd line: /bin/bash -ue .command.run
Jul-06 12:01:53.612 [Task submitter] INFO  nextflow.Session - [fd/a60976] Re-submitted process > POPPUNK_MODEL (poppunk_model on $(basename ${sub_list} .list))
Jul-06 12:01:57.914 [Task monitor] DEBUG n.processor.TaskPollingMonitor - Task completed > TaskHandler[id: 7; name: POPPUNK_MODEL (poppunk_model on $(basename ${sub_list} .list)); status: COMPLETED; exit: 139; error: -; workDir: /home/phemarajata/combined_poppunk_poppipe/work/fd/a60976470a38de9f2fa0b28c552fba]
Jul-06 12:01:57.918 [TaskFinalizer-7] DEBUG nextflow.processor.TaskProcessor - Handling unexpected condition for
  task: name=POPPUNK_MODEL (poppunk_model on $(basename ${sub_list} .list)); work-dir=/home/phemarajata/combined_poppunk_poppipe/work/fd/a60976470a38de9f2fa0b28c552fba
  error [nextflow.exception.ProcessFailedException]: Process `POPPUNK_MODEL (poppunk_model on $(basename ${sub_list} .list))` terminated with an error exit status (139)
Jul-06 12:01:57.933 [TaskFinalizer-7] ERROR nextflow.processor.TaskProcessor - Error executing process > 'POPPUNK_MODEL (poppunk_model on $(basename ${sub_list} .list))'

Caused by:
  Process `POPPUNK_MODEL (poppunk_model on $(basename ${sub_list} .list))` terminated with an error exit status (139)


Command executed:

  # Check if subset list is not empty
  if [ ! -s "subset.list" ]; then
      echo "ERROR: Subset list is empty. No valid genomes found for PopPUNK modeling."
      exit 1
  fi
  
  echo "Building PopPUNK database with $(wc -l < "subset.list") genomes..."
  
  # Create a new file list with staged filenames by mapping sample names to the staged FASTA files
  > staged_files.list
  while IFS=$'\t' read -r sample_name file_path; do
      basename_file=$(basename "$file_path")
      if [ -f "$basename_file" ]; then
          echo -e "$sample_name\t$basename_file" >> staged_files.list
      else
          echo "ERROR: Staged file not found: $basename_file for sample $sample_name"
          exit 1
      fi
  done < "subset.list"
  
  echo "Created staged files list. Verifying all files are present..."
  cat staged_files.list
  
  # SEGFAULT PREVENTION: Set memory and resource limits
  echo "Setting resource limits to prevent segmentation faults..."
  ulimit -v 8388608  # Virtual memory limit in KB
  ulimit -m 8388608  # Physical memory limit in KB
  ulimit -s 8192       # 8MB stack limit
  ulimit -c 0          # Disable core dumps
  
  echo "Memory limits set: Virtual/Physical=8 GB"
  echo "Using 2 threads for PopPUNK."
  
  # Create database with a fallback for reduced threads
  if ! poppunk --create-db --r-files staged_files.list \
      --output poppunk_db --threads 2; then
      echo "âš ï¸  Database creation failed, retrying with 2 threads..."
      poppunk --create-db --r-files staged_files.list \
          --output poppunk_db --threads 2
  fi
  echo "âœ… PopPUNK database created successfully."
  
  # Fit model with optimized features and multiple fallbacks
  echo "Fitting PopPUNK model with optimized parameters..."
  if poppunk --fit-model bgmm --ref-db poppunk_db --output poppunk_fit --threads 2 --reciprocal-only --count-unique-distances --max-search-depth 20 --K 3 --no-plot; then
      echo "âœ… PopPUNK model fitting completed successfully."
  elif poppunk --fit-model bgmm --ref-db poppunk_db --output poppunk_fit --threads 2 --max-search-depth 10 --K 2 --no-plot; then
      echo "âœ… PopPUNK model fitting completed with reduced complexity."
  elif poppunk --fit-model bgmm --ref-db poppunk_db --output poppunk_fit --threads 1 --K 2 --no-plot; then
      echo "âœ… PopPUNK model fitting completed with minimal settings."
  else
      echo "âŒ All PopPUNK model fitting attempts failed."
      exit 1
  fi
  
  echo "Model fitting completed. Preparing database for assignment..."
  # Consolidate the fitted model into the database directory for poppunk_assign
  if [ -d "poppunk_fit" ]; then
      # Copy and rename critical model files to what poppunk_assign expects
      cp poppunk_fit/poppunk_fit_fit.pkl     poppunk_db/poppunk_db_fit.pkl
      cp poppunk_fit/poppunk_fit_fit.npz     poppunk_db/poppunk_db_fit.npz
      cp poppunk_fit/poppunk_fit_graph.gt    poppunk_db/poppunk_db_graph.gt
      cp poppunk_fit/*_clusters.csv         poppunk_db/poppunk_db_clusters.csv
  
      # Verify that the final cluster file exists before copying to output
      if [ -f "poppunk_db/poppunk_db_clusters.csv" ]; then
          cp poppunk_db/poppunk_db_clusters.csv cluster_model.csv
          echo "âœ“ Cluster model CSV prepared."
      else
           echo "sample,cluster" > cluster_model.csv
           echo "âš ï¸  PopPUNK completed but cluster assignments file was not found."
      fi
  else
      echo "ERROR: poppunk_fit directory not found after model fitting."
      exit 1
  fi
  
  echo "PopPUNK model process completed successfully!"

Command exit status:
  139

Command output:
  Building PopPUNK database with 21 genomes...
  Created staged files list. Verifying all files are present...
  genome_cluster1_1	genome_cluster1_1.fasta
  genome_cluster1_2	genome_cluster1_2.fasta
  genome_cluster1_3	genome_cluster1_3.fasta
  genome_cluster1_4	genome_cluster1_4.fasta
  genome_cluster1_5	genome_cluster1_5.fasta
  genome_cluster1_6	genome_cluster1_6.fasta
  genome_cluster1_7	genome_cluster1_7.fasta
  genome_cluster1_8	genome_cluster1_8.fasta
  genome_cluster2_1	genome_cluster2_1.fasta
  genome_cluster2_2	genome_cluster2_2.fasta
  genome_cluster2_3	genome_cluster2_3.fasta
  genome_cluster2_4	genome_cluster2_4.fasta
  genome_cluster2_5	genome_cluster2_5.fasta
  genome_cluster2_6	genome_cluster2_6.fasta
  genome_cluster3_1	genome_cluster3_1.fasta
  genome_cluster3_2	genome_cluster3_2.fasta
  genome_cluster3_3	genome_cluster3_3.fasta
  genome_cluster3_4	genome_cluster3_4.fasta
  outlier_1	outlier_1.fasta
  outlier_2	outlier_2.fasta
  outlier_3	outlier_3.fasta
  Setting resource limits to prevent segmentation faults...
  Memory limits set: Virtual/Physical=8 GB
  Using 2 threads for PopPUNK.
  âš ï¸  Database creation failed, retrying with 2 threads...

Command error:
  Progress (CPU): 8.4%
  Progress (CPU): 8.8%
  Progress (CPU): 9.2%
  Progress (CPU): 9.6%
  Progress (CPU): 10.0%
  Progress (CPU): 10.4%
  Progress (CPU): 10.8%
  Progress (CPU): 11.2%
  Progress (CPU): 11.6%.command.sh: line 41:   109 Segmentation fault      (core dumped) poppunk --create-db --r-files staged_files.list --output poppunk_db --threads 2
  âš ï¸  Database creation failed, retrying with 2 threads...
  PopPUNK (POPulation Partitioning Using Nucleotide Kmers)
  	(with backend: sketchlib v2.1.4
  	 sketchlib: /opt/conda/envs/poppunk-env/lib/python3.12/site-packages/pp_sketchlib.cpython-312-x86_64-linux-gnu.so)
  
  Graph-tools OpenMP parallelisation enabled: with 2 threads
  Mode: Building new database from input sequences
  Looking for existing sketches in poppunk_db/poppunk_db.h5
  Calculating random match chances using Monte Carlo
  Calculating distances using 2 thread(s)
  
  Progress (CPU): 0.0%
  Progress (CPU): 0.4%
  Progress (CPU): 0.8%
  Progress (CPU): 1.2%
  Progress (CPU): 1.6%
  Progress (CPU): 2.0%
  Progress (CPU): 2.4%
  Progress (CPU): 2.8%
  Progress (CPU): 3.2%
  Progress (CPU): 3.6%
  Progress (CPU): 4.0%
  Progress (CPU): 4.4%
  Progress (CPU): 4.8%
  Progress (CPU): 5.2%
  Progress (CPU): 5.6%
  Progress (CPU): 6.0%
  Progress (CPU): 6.4%
  Progress (CPU): 6.8%
  Progress (CPU): 7.2%
  Progress (CPU): 7.6%
  Progress (CPU): 8.0%
  Progress (CPU): 8.4%
  Progress (CPU): 8.8%
  Progress (CPU): 9.2%
  Progress (CPU): 9.6%
  Progress (CPU): 10.0%
  Progress (CPU): 10.4%
  Progress (CPU): 10.8%
  Progress (CPU): 11.2%
  Progress (CPU): 11.6%.command.sh: line 41:   206 Segmentation fault      (core dumped) poppunk --create-db --r-files staged_files.list --output poppunk_db --threads 2

Work dir:
  /home/phemarajata/combined_poppunk_poppipe/work/fd/a60976470a38de9f2fa0b28c552fba

Container:
  staphb/poppunk:2.7.5

Tip: view the complete command output by changing to the process work dir and entering the command `cat .command.out`
Jul-06 12:01:57.937 [TaskFinalizer-7] DEBUG nextflow.Session - Cannot invoke "groovyx.gpars.agent.Agent.send(Object)" because "this.writer" is null
java.lang.NullPointerException: Cannot invoke "groovyx.gpars.agent.Agent.send(Object)" because "this.writer" is null
	at nextflow.trace.TraceFileObserver.onProcessComplete(TraceFileObserver.groovy:270)
	at nextflow.Session$_notifyTaskComplete_lambda34.doCall(Session.groovy:1063)
	at nextflow.Session.notifyEvent(Session.groovy:1138)
	at nextflow.Session.notifyTaskComplete(Session.groovy:1063)
	at nextflow.processor.TaskPollingMonitor.finalizeTask(TaskPollingMonitor.groovy:699)
	at nextflow.processor.TaskPollingMonitor.safeFinalizeTask(TaskPollingMonitor.groovy:686)
	at java.base/jdk.internal.reflect.NativeMethodAccessorImpl.invoke0(Native Method)
	at java.base/jdk.internal.reflect.NativeMethodAccessorImpl.invoke(NativeMethodAccessorImpl.java:77)
	at java.base/jdk.internal.reflect.DelegatingMethodAccessorImpl.invoke(DelegatingMethodAccessorImpl.java:43)
	at java.base/java.lang.reflect.Method.invoke(Method.java:568)
	at org.codehaus.groovy.reflection.CachedMethod.invoke(CachedMethod.java:343)
	at groovy.lang.MetaMethod.doMethodInvoke(MetaMethod.java:328)
	at groovy.lang.MetaClassImpl.doInvokeMethod(MetaClassImpl.java:1333)
	at groovy.lang.MetaClassImpl.invokeMethod(MetaClassImpl.java:1088)
	at groovy.lang.MetaClassImpl.invokeMethod(MetaClassImpl.java:1007)
	at org.codehaus.groovy.runtime.InvokerHelper.invokePogoMethod(InvokerHelper.java:645)
	at org.codehaus.groovy.runtime.InvokerHelper.invokeMethod(InvokerHelper.java:628)
	at org.codehaus.groovy.runtime.InvokerHelper.invokeMethodSafe(InvokerHelper.java:82)
	at nextflow.processor.TaskPollingMonitor$_checkTaskStatus_lambda8.doCall(TaskPollingMonitor.groovy:676)
	at java.base/java.util.concurrent.Executors$RunnableAdapter.call(Executors.java:539)
	at java.base/java.util.concurrent.FutureTask.run(FutureTask.java:264)
	at java.base/java.util.concurrent.ThreadPoolExecutor.runWorker(ThreadPoolExecutor.java:1136)
	at java.base/java.util.concurrent.ThreadPoolExecutor$Worker.run(ThreadPoolExecutor.java:635)
	at java.base/java.lang.Thread.run(Thread.java:842)
Jul-06 12:01:57.938 [TaskFinalizer-7] DEBUG nextflow.Session - Session aborted -- Cause: Process `POPPUNK_MODEL (poppunk_model on $(basename ${sub_list} .list))` terminated with an error exit status (139)
Jul-06 12:01:57.941 [main] DEBUG nextflow.Session - Session await > all processes finished
Jul-06 12:01:57.957 [main] DEBUG nextflow.Session - Session await > all barriers passed
Jul-06 12:01:57.960 [Task monitor] DEBUG n.processor.TaskPollingMonitor - <<< barrier arrives (monitor: local) - terminating tasks monitor poll loop
Jul-06 12:01:57.961 [main] INFO  nextflow.script.BaseScript - 
â•”â•â•â•â•â•â•â•â•â•â•â•â•â•â•â•â•â•â•â•â•â•â•â•â•â•â•â•â•â•â•â•â•â•â•â•â•â•â•â•â•â•â•â•â•â•â•â•â•â•â•â•â•â•â•â•â•â•â•â•â•â•â•â•â•â•â•â•â•â•â•â•â•â•â•â•â•â•â•â•—
â•‘                    COMBINED POPPUNK + POPPIPE PIPELINE                       â•‘
â•‘                                 COMPLETED                                    â•‘
â• â•â•â•â•â•â•â•â•â•â•â•â•â•â•â•â•â•â•â•â•â•â•â•â•â•â•â•â•â•â•â•â•â•â•â•â•â•â•â•â•â•â•â•â•â•â•â•â•â•â•â•â•â•â•â•â•â•â•â•â•â•â•â•â•â•â•â•â•â•â•â•â•â•â•â•â•â•â•â•£
â•‘ Phase 1 (PopPUNK): Bacterial genome clustering completed                    â•‘
â•‘ Phase 2 (PopPIPE): Downstream analysis and subclustering completed          â•‘
â•‘                                                                              â•‘
â•‘ Results available in: ./test_results                                  â•‘
â•‘                                                                              â•‘
â•‘ Key outputs:                                                                 â•‘
â•‘ - PopPUNK clusters: poppunk_full/full_assign.csv                           â•‘
â•‘ - PopPIPE subclusters: output/all_clusters.txt                             â•‘
â•‘ - Summary reports: summary/pipeline_summary.txt                             â•‘
â•šâ•â•â•â•â•â•â•â•â•â•â•â•â•â•â•â•â•â•â•â•â•â•â•â•â•â•â•â•â•â•â•â•â•â•â•â•â•â•â•â•â•â•â•â•â•â•â•â•â•â•â•â•â•â•â•â•â•â•â•â•â•â•â•â•â•â•â•â•â•â•â•â•â•â•â•â•â•â•â•

Jul-06 12:01:57.967 [main] DEBUG n.trace.WorkflowStatsObserver - Workflow completed > WorkflowStats[succeededCount=4; failedCount=3; ignoredCount=0; cachedCount=0; pendingCount=0; submittedCount=0; runningCount=0; retriesCount=2; abortedCount=0; succeedDuration=6.1s; failedDuration=25.3s; cachedDuration=0ms;loadCpus=0; loadMemory=0; peakRunning=1; peakCpus=8; peakMemory=32 GB; ]
Jul-06 12:01:57.968 [main] DEBUG nextflow.trace.TraceFileObserver - Workflow completed -- saving trace file
Jul-06 12:01:57.968 [main] DEBUG nextflow.Session - Cannot invoke "groovyx.gpars.agent.Agent.await()" because "this.writer" is null
java.lang.NullPointerException: Cannot invoke "groovyx.gpars.agent.Agent.await()" because "this.writer" is null
	at nextflow.trace.TraceFileObserver.onFlowComplete(TraceFileObserver.groovy:221)
	at nextflow.Session$_notifyFlowComplete_lambda45.doCall(Session.groovy:1107)
	at nextflow.Session.notifyEvent(Session.groovy:1138)
	at nextflow.Session.notifyFlowComplete(Session.groovy:1107)
	at nextflow.Session.shutdown0(Session.groovy:768)
	at nextflow.Session.destroy(Session.groovy:713)
	at nextflow.script.ScriptRunner.shutdown(ScriptRunner.groovy:263)
	at nextflow.script.ScriptRunner.execute(ScriptRunner.groovy:147)
	at nextflow.cli.CmdRun.run(CmdRun.groovy:379)
	at nextflow.cli.Launcher.run(Launcher.groovy:513)
	at nextflow.cli.Launcher.main(Launcher.groovy:673)
Jul-06 12:01:57.968 [main] DEBUG nextflow.trace.ReportObserver - Workflow completed -- rendering execution report
Jul-06 12:01:58.723 [main] WARN  nextflow.trace.ReportObserver - Failed to render execution report -- see the log file for details
nextflow.exception.AbortOperationException: Report file already exists: /home/phemarajata/combined_poppunk_poppipe/test_results/reports/execution_report.html -- enable the 'report.overwrite' option in your config file to overwrite existing files
	at nextflow.trace.TraceHelper.newFileWriter(TraceHelper.groovy:67)
	at nextflow.trace.ReportObserver.renderHtml(ReportObserver.groovy:284)
	at nextflow.trace.ReportObserver.onFlowComplete(ReportObserver.groovy:143)
	at nextflow.Session$_notifyFlowComplete_lambda45.doCall(Session.groovy:1107)
	at nextflow.Session.notifyEvent(Session.groovy:1138)
	at nextflow.Session.notifyFlowComplete(Session.groovy:1107)
	at nextflow.Session.shutdown0(Session.groovy:768)
	at nextflow.Session.destroy(Session.groovy:713)
	at nextflow.script.ScriptRunner.shutdown(ScriptRunner.groovy:263)
	at nextflow.script.ScriptRunner.execute(ScriptRunner.groovy:147)
	at nextflow.cli.CmdRun.run(CmdRun.groovy:379)
	at nextflow.cli.Launcher.run(Launcher.groovy:513)
	at nextflow.cli.Launcher.main(Launcher.groovy:673)
Caused by: java.nio.file.FileAlreadyExistsException: /home/phemarajata/combined_poppunk_poppipe/test_results/reports/execution_report.html
	at java.base/sun.nio.fs.UnixException.translateToIOException(UnixException.java:94)
	at java.base/sun.nio.fs.UnixException.rethrowAsIOException(UnixException.java:106)
	at java.base/sun.nio.fs.UnixException.rethrowAsIOException(UnixException.java:111)
	at java.base/sun.nio.fs.UnixFileSystemProvider.newByteChannel(UnixFileSystemProvider.java:218)
	at java.base/java.nio.file.spi.FileSystemProvider.newOutputStream(FileSystemProvider.java:484)
	at java.base/java.nio.file.Files.newOutputStream(Files.java:228)
	at java.base/java.nio.file.Files.newBufferedWriter(Files.java:3008)
	at nextflow.trace.TraceHelper.newFileWriter(TraceHelper.groovy:64)
	... 12 common frames omitted
Jul-06 12:01:58.726 [main] DEBUG nextflow.trace.TimelineObserver - Workflow completed -- rendering execution timeline
Jul-06 12:01:58.818 [main] WARN  nextflow.trace.TimelineObserver - Failed to render execution timeline -- see the log file for details
nextflow.exception.AbortOperationException: Timeline file already exists: /home/phemarajata/combined_poppunk_poppipe/test_results/reports/timeline.html -- enable the 'timeline.overwrite' option in your config file to overwrite existing files
	at nextflow.trace.TraceHelper.newFileWriter(TraceHelper.groovy:67)
	at nextflow.trace.TimelineObserver.renderHtml(TimelineObserver.groovy:178)
	at nextflow.trace.TimelineObserver.onFlowComplete(TimelineObserver.groovy:87)
	at nextflow.Session$_notifyFlowComplete_lambda45.doCall(Session.groovy:1107)
	at nextflow.Session.notifyEvent(Session.groovy:1138)
	at nextflow.Session.notifyFlowComplete(Session.groovy:1107)
	at nextflow.Session.shutdown0(Session.groovy:768)
	at nextflow.Session.destroy(Session.groovy:713)
	at nextflow.script.ScriptRunner.shutdown(ScriptRunner.groovy:263)
	at nextflow.script.ScriptRunner.execute(ScriptRunner.groovy:147)
	at nextflow.cli.CmdRun.run(CmdRun.groovy:379)
	at nextflow.cli.Launcher.run(Launcher.groovy:513)
	at nextflow.cli.Launcher.main(Launcher.groovy:673)
Caused by: java.nio.file.FileAlreadyExistsException: /home/phemarajata/combined_poppunk_poppipe/test_results/reports/timeline.html
	at java.base/sun.nio.fs.UnixException.translateToIOException(UnixException.java:94)
	at java.base/sun.nio.fs.UnixException.rethrowAsIOException(UnixException.java:106)
	at java.base/sun.nio.fs.UnixException.rethrowAsIOException(UnixException.java:111)
	at java.base/sun.nio.fs.UnixFileSystemProvider.newByteChannel(UnixFileSystemProvider.java:218)
	at java.base/java.nio.file.spi.FileSystemProvider.newOutputStream(FileSystemProvider.java:484)
	at java.base/java.nio.file.Files.newOutputStream(Files.java:228)
	at java.base/java.nio.file.Files.newBufferedWriter(Files.java:3008)
	at nextflow.trace.TraceHelper.newFileWriter(TraceHelper.groovy:64)
	... 12 common frames omitted
Jul-06 12:01:58.909 [main] DEBUG nextflow.cache.CacheDB - Closing CacheDB done
Jul-06 12:01:58.924 [main] DEBUG nextflow.script.ScriptRunner - > Execution complete -- Goodbye
